<?xml version="1.0" encoding="UTF-8"?>
<testng-results skipped="0" failed="0" total="32" passed="32">
  <reporter-output>
  </reporter-output>
  <suite name="Surefire suite" duration-ms="1325" started-at="2017-09-14T23:14:12Z" finished-at="2017-09-14T23:14:14Z">
    <groups>
      <group name="UNITTEST">
        <method signature="ApplicationDataPresenterTest.clickedMenuAddApplicationGroupTest()[pri:0, instance:de.bonprix.academy.modules.applicationdata.ApplicationDataPresenterTest@11bfd751]" name="clickedMenuAddApplicationGroupTest" class="de.bonprix.academy.modules.applicationdata.ApplicationDataPresenterTest"/>
        <method signature="ApplicationDataPresenterTest.clickedMenuAddApplicationTest()[pri:0, instance:de.bonprix.academy.modules.applicationdata.ApplicationDataPresenterTest@11bfd751]" name="clickedMenuAddApplicationTest" class="de.bonprix.academy.modules.applicationdata.ApplicationDataPresenterTest"/>
        <method signature="ApplicationDataPresenterTest.clickedMenuAddApplicationTypeTest()[pri:0, instance:de.bonprix.academy.modules.applicationdata.ApplicationDataPresenterTest@11bfd751]" name="clickedMenuAddApplicationTypeTest" class="de.bonprix.academy.modules.applicationdata.ApplicationDataPresenterTest"/>
        <method signature="ApplicationDataPresenterTest.clickedMenuEditApplicationGroupTest()[pri:0, instance:de.bonprix.academy.modules.applicationdata.ApplicationDataPresenterTest@11bfd751]" name="clickedMenuEditApplicationGroupTest" class="de.bonprix.academy.modules.applicationdata.ApplicationDataPresenterTest"/>
        <method signature="ApplicationDataPresenterTest.clickedMenuEditApplicationTest()[pri:0, instance:de.bonprix.academy.modules.applicationdata.ApplicationDataPresenterTest@11bfd751]" name="clickedMenuEditApplicationTest" class="de.bonprix.academy.modules.applicationdata.ApplicationDataPresenterTest"/>
        <method signature="ApplicationDataPresenterTest.clickedMenuEditApplicationTypeTest()[pri:0, instance:de.bonprix.academy.modules.applicationdata.ApplicationDataPresenterTest@11bfd751]" name="clickedMenuEditApplicationTypeTest" class="de.bonprix.academy.modules.applicationdata.ApplicationDataPresenterTest"/>
        <method signature="ApplicationDataPresenterTest.initTest()[pri:0, instance:de.bonprix.academy.modules.applicationdata.ApplicationDataPresenterTest@11bfd751]" name="initTest" class="de.bonprix.academy.modules.applicationdata.ApplicationDataPresenterTest"/>
        <method signature="ApplicationDataPresenterTest.insertedApplicationEventTest()[pri:0, instance:de.bonprix.academy.modules.applicationdata.ApplicationDataPresenterTest@11bfd751]" name="insertedApplicationEventTest" class="de.bonprix.academy.modules.applicationdata.ApplicationDataPresenterTest"/>
        <method signature="ApplicationDataPresenterTest.insertedApplicationGroupEventTest()[pri:0, instance:de.bonprix.academy.modules.applicationdata.ApplicationDataPresenterTest@11bfd751]" name="insertedApplicationGroupEventTest" class="de.bonprix.academy.modules.applicationdata.ApplicationDataPresenterTest"/>
        <method signature="ApplicationDataPresenterTest.insertedApplicationTypeEventTest()[pri:0, instance:de.bonprix.academy.modules.applicationdata.ApplicationDataPresenterTest@11bfd751]" name="insertedApplicationTypeEventTest" class="de.bonprix.academy.modules.applicationdata.ApplicationDataPresenterTest"/>
        <method signature="ApplicationDataPresenterTest.selectionChangedOnGridApplicationGroupSelectionTest()[pri:0, instance:de.bonprix.academy.modules.applicationdata.ApplicationDataPresenterTest@11bfd751]" name="selectionChangedOnGridApplicationGroupSelectionTest" class="de.bonprix.academy.modules.applicationdata.ApplicationDataPresenterTest"/>
        <method signature="ApplicationDataPresenterTest.selectionChangedOnGridApplicationSelectionTest()[pri:0, instance:de.bonprix.academy.modules.applicationdata.ApplicationDataPresenterTest@11bfd751]" name="selectionChangedOnGridApplicationSelectionTest" class="de.bonprix.academy.modules.applicationdata.ApplicationDataPresenterTest"/>
        <method signature="ApplicationDataPresenterTest.selectionChangedOnGridApplicationTypeSelectionTest()[pri:0, instance:de.bonprix.academy.modules.applicationdata.ApplicationDataPresenterTest@11bfd751]" name="selectionChangedOnGridApplicationTypeSelectionTest" class="de.bonprix.academy.modules.applicationdata.ApplicationDataPresenterTest"/>
        <method signature="ApplicationDataPresenterTest.selectionChangedOnGridNoSelectionTest()[pri:0, instance:de.bonprix.academy.modules.applicationdata.ApplicationDataPresenterTest@11bfd751]" name="selectionChangedOnGridNoSelectionTest" class="de.bonprix.academy.modules.applicationdata.ApplicationDataPresenterTest"/>
        <method signature="ApplicationDataPresenterTest.updatedApplicationEventTest()[pri:0, instance:de.bonprix.academy.modules.applicationdata.ApplicationDataPresenterTest@11bfd751]" name="updatedApplicationEventTest" class="de.bonprix.academy.modules.applicationdata.ApplicationDataPresenterTest"/>
        <method signature="ApplicationDataPresenterTest.updatedApplicationGroupEventTest()[pri:0, instance:de.bonprix.academy.modules.applicationdata.ApplicationDataPresenterTest@11bfd751]" name="updatedApplicationGroupEventTest" class="de.bonprix.academy.modules.applicationdata.ApplicationDataPresenterTest"/>
        <method signature="ApplicationDataPresenterTest.updatedApplicationTypeEventTest()[pri:0, instance:de.bonprix.academy.modules.applicationdata.ApplicationDataPresenterTest@11bfd751]" name="updatedApplicationTypeEventTest" class="de.bonprix.academy.modules.applicationdata.ApplicationDataPresenterTest"/>
        <method signature="ApplicationGroupWindowPresenterTest.initTest()[pri:0, instance:de.bonprix.academy.modules.applicationdata.dialog.applicationgroup.ApplicationGroupWindowPresenterTest@2152fde5]" name="initTest" class="de.bonprix.academy.modules.applicationdata.dialog.applicationgroup.ApplicationGroupWindowPresenterTest"/>
        <method signature="ApplicationGroupWindowPresenterTest.updateEntityModeAddTest()[pri:0, instance:de.bonprix.academy.modules.applicationdata.dialog.applicationgroup.ApplicationGroupWindowPresenterTest@2152fde5]" name="updateEntityModeAddTest" class="de.bonprix.academy.modules.applicationdata.dialog.applicationgroup.ApplicationGroupWindowPresenterTest"/>
        <method signature="ApplicationGroupWindowPresenterTest.updateEntityModeEditTest()[pri:0, instance:de.bonprix.academy.modules.applicationdata.dialog.applicationgroup.ApplicationGroupWindowPresenterTest@2152fde5]" name="updateEntityModeEditTest" class="de.bonprix.academy.modules.applicationdata.dialog.applicationgroup.ApplicationGroupWindowPresenterTest"/>
        <method signature="ApplicationGroupWindowPresenterTest.updateEntityNotValidTest()[pri:0, instance:de.bonprix.academy.modules.applicationdata.dialog.applicationgroup.ApplicationGroupWindowPresenterTest@2152fde5]" name="updateEntityNotValidTest" class="de.bonprix.academy.modules.applicationdata.dialog.applicationgroup.ApplicationGroupWindowPresenterTest"/>
        <method signature="ApplicationGroupWindowPresenterTest.withCountryIdTest()[pri:0, instance:de.bonprix.academy.modules.applicationdata.dialog.applicationgroup.ApplicationGroupWindowPresenterTest@2152fde5]" name="withCountryIdTest" class="de.bonprix.academy.modules.applicationdata.dialog.applicationgroup.ApplicationGroupWindowPresenterTest"/>
        <method signature="ApplicationTypeWindowPresenterTest.initTest()[pri:0, instance:de.bonprix.academy.modules.applicationdata.dialog.applicationtype.ApplicationTypeWindowPresenterTest@5d58dc61]" name="initTest" class="de.bonprix.academy.modules.applicationdata.dialog.applicationtype.ApplicationTypeWindowPresenterTest"/>
        <method signature="ApplicationTypeWindowPresenterTest.updateEntityModeAddTest()[pri:0, instance:de.bonprix.academy.modules.applicationdata.dialog.applicationtype.ApplicationTypeWindowPresenterTest@5d58dc61]" name="updateEntityModeAddTest" class="de.bonprix.academy.modules.applicationdata.dialog.applicationtype.ApplicationTypeWindowPresenterTest"/>
        <method signature="ApplicationTypeWindowPresenterTest.updateEntityModeEditTest()[pri:0, instance:de.bonprix.academy.modules.applicationdata.dialog.applicationtype.ApplicationTypeWindowPresenterTest@5d58dc61]" name="updateEntityModeEditTest" class="de.bonprix.academy.modules.applicationdata.dialog.applicationtype.ApplicationTypeWindowPresenterTest"/>
        <method signature="ApplicationTypeWindowPresenterTest.updateEntityNotValidTest()[pri:0, instance:de.bonprix.academy.modules.applicationdata.dialog.applicationtype.ApplicationTypeWindowPresenterTest@5d58dc61]" name="updateEntityNotValidTest" class="de.bonprix.academy.modules.applicationdata.dialog.applicationtype.ApplicationTypeWindowPresenterTest"/>
        <method signature="ApplicationTypeWindowPresenterTest.withCountryIdTest()[pri:0, instance:de.bonprix.academy.modules.applicationdata.dialog.applicationtype.ApplicationTypeWindowPresenterTest@5d58dc61]" name="withCountryIdTest" class="de.bonprix.academy.modules.applicationdata.dialog.applicationtype.ApplicationTypeWindowPresenterTest"/>
        <method signature="ApplicationWindowPresenterTest.initTest()[pri:0, instance:de.bonprix.academy.modules.applicationdata.dialog.application.ApplicationWindowPresenterTest@29519337]" name="initTest" class="de.bonprix.academy.modules.applicationdata.dialog.application.ApplicationWindowPresenterTest"/>
        <method signature="ApplicationWindowPresenterTest.updateEntityModeAddTest()[pri:0, instance:de.bonprix.academy.modules.applicationdata.dialog.application.ApplicationWindowPresenterTest@29519337]" name="updateEntityModeAddTest" class="de.bonprix.academy.modules.applicationdata.dialog.application.ApplicationWindowPresenterTest"/>
        <method signature="ApplicationWindowPresenterTest.updateEntityModeEditTest()[pri:0, instance:de.bonprix.academy.modules.applicationdata.dialog.application.ApplicationWindowPresenterTest@29519337]" name="updateEntityModeEditTest" class="de.bonprix.academy.modules.applicationdata.dialog.application.ApplicationWindowPresenterTest"/>
        <method signature="ApplicationWindowPresenterTest.updateEntityNotValidTest()[pri:0, instance:de.bonprix.academy.modules.applicationdata.dialog.application.ApplicationWindowPresenterTest@29519337]" name="updateEntityNotValidTest" class="de.bonprix.academy.modules.applicationdata.dialog.application.ApplicationWindowPresenterTest"/>
        <method signature="ApplicationWindowPresenterTest.withApplicationIdTest()[pri:0, instance:de.bonprix.academy.modules.applicationdata.dialog.application.ApplicationWindowPresenterTest@29519337]" name="withApplicationIdTest" class="de.bonprix.academy.modules.applicationdata.dialog.application.ApplicationWindowPresenterTest"/>
      </group> <!-- UNITTEST -->
    </groups>
    <test name="Surefire test" duration-ms="1325" started-at="2017-09-14T23:14:12Z" finished-at="2017-09-14T23:14:14Z">
      <class name="de.bonprix.academy.modules.applicationdata.dialog.application.ApplicationWindowPresenterTest">
        <test-method status="PASS" signature="springTestContextBeforeTestClass()[pri:0, instance:de.bonprix.academy.modules.applicationdata.dialog.application.ApplicationWindowPresenterTest@29519337]" test-instance-name="" name="springTestContextBeforeTestClass" is-config="true" duration-ms="0" started-at="2017-09-14T16:14:13Z" finished-at="2017-09-14T16:14:13Z">
          <reporter-output>
          </reporter-output>
        </test-method> <!-- springTestContextBeforeTestClass -->
        <test-method name="springTestContextPrepareTestInstance" test-instance-name="" signature="springTestContextPrepareTestInstance()[pri:0, instance:de.bonprix.academy.modules.applicationdata.dialog.application.ApplicationWindowPresenterTest@29519337]" is-config="true" status="PASS" duration-ms="3" finished-at="2017-09-14T16:14:13Z" started-at="2017-09-14T16:14:13Z" depends-on-methods="org.springframework.test.context.testng.AbstractTestNGSpringContextTests.springTestContextBeforeTestClass">
          <reporter-output>
          </reporter-output>
        </test-method> <!-- springTestContextPrepareTestInstance -->
        <test-method status="PASS" signature="springTestContextBeforeTestMethod(java.lang.reflect.Method)[pri:0, instance:de.bonprix.academy.modules.applicationdata.dialog.application.ApplicationWindowPresenterTest@29519337]" test-instance-name="" name="springTestContextBeforeTestMethod" is-config="true" duration-ms="0" started-at="2017-09-14T16:14:13Z" finished-at="2017-09-14T16:14:13Z">
          <params>
            <param index="0">
              <value>
                <![CDATA[public void de.bonprix.academy.modules.applicationdata.dialog.application.ApplicationWindowPresenterTest.initTest()]]>
              </value>
            </param>
          </params>
          <reporter-output>
          </reporter-output>
        </test-method> <!-- springTestContextBeforeTestMethod -->
        <test-method status="PASS" signature="initTests()[pri:0, instance:de.bonprix.academy.modules.applicationdata.dialog.application.ApplicationWindowPresenterTest@29519337]" test-instance-name="" name="initTests" is-config="true" duration-ms="11" started-at="2017-09-14T16:14:13Z" finished-at="2017-09-14T16:14:13Z">
          <reporter-output>
          </reporter-output>
        </test-method> <!-- initTests -->
        <test-method status="PASS" signature="initTest()[pri:0, instance:de.bonprix.academy.modules.applicationdata.dialog.application.ApplicationWindowPresenterTest@29519337]" test-instance-name="" name="initTest" duration-ms="1" started-at="2017-09-14T16:14:13Z" finished-at="2017-09-14T16:14:13Z">
          <reporter-output>
          </reporter-output>
        </test-method> <!-- initTest -->
        <test-method status="PASS" signature="springTestContextAfterTestMethod(java.lang.reflect.Method)[pri:0, instance:de.bonprix.academy.modules.applicationdata.dialog.application.ApplicationWindowPresenterTest@29519337]" test-instance-name="" name="springTestContextAfterTestMethod" is-config="true" duration-ms="0" started-at="2017-09-14T16:14:13Z" finished-at="2017-09-14T16:14:13Z">
          <params>
            <param index="0">
              <value>
                <![CDATA[public void de.bonprix.academy.modules.applicationdata.dialog.application.ApplicationWindowPresenterTest.initTest()]]>
              </value>
            </param>
          </params>
          <reporter-output>
          </reporter-output>
        </test-method> <!-- springTestContextAfterTestMethod -->
        <test-method status="PASS" signature="initTests()[pri:0, instance:de.bonprix.academy.modules.applicationdata.dialog.application.ApplicationWindowPresenterTest@29519337]" test-instance-name="" name="initTests" is-config="true" duration-ms="1" started-at="2017-09-14T16:14:14Z" finished-at="2017-09-14T16:14:14Z">
          <reporter-output>
          </reporter-output>
        </test-method> <!-- initTests -->
        <test-method status="PASS" signature="springTestContextBeforeTestMethod(java.lang.reflect.Method)[pri:0, instance:de.bonprix.academy.modules.applicationdata.dialog.application.ApplicationWindowPresenterTest@29519337]" test-instance-name="" name="springTestContextBeforeTestMethod" is-config="true" duration-ms="0" started-at="2017-09-14T16:14:14Z" finished-at="2017-09-14T16:14:14Z">
          <params>
            <param index="0">
              <value>
                <![CDATA[public void de.bonprix.academy.modules.applicationdata.dialog.application.ApplicationWindowPresenterTest.updateEntityModeAddTest()]]>
              </value>
            </param>
          </params>
          <reporter-output>
          </reporter-output>
        </test-method> <!-- springTestContextBeforeTestMethod -->
        <test-method status="PASS" signature="updateEntityModeAddTest()[pri:0, instance:de.bonprix.academy.modules.applicationdata.dialog.application.ApplicationWindowPresenterTest@29519337]" test-instance-name="" name="updateEntityModeAddTest" duration-ms="5" started-at="2017-09-14T16:14:14Z" finished-at="2017-09-14T16:14:14Z">
          <reporter-output>
          </reporter-output>
        </test-method> <!-- updateEntityModeAddTest -->
        <test-method status="PASS" signature="springTestContextBeforeTestMethod(java.lang.reflect.Method)[pri:0, instance:de.bonprix.academy.modules.applicationdata.dialog.application.ApplicationWindowPresenterTest@29519337]" test-instance-name="" name="springTestContextBeforeTestMethod" is-config="true" duration-ms="0" started-at="2017-09-14T16:14:14Z" finished-at="2017-09-14T16:14:14Z">
          <params>
            <param index="0">
              <value>
                <![CDATA[public void de.bonprix.academy.modules.applicationdata.dialog.application.ApplicationWindowPresenterTest.updateEntityModeEditTest()]]>
              </value>
            </param>
          </params>
          <reporter-output>
          </reporter-output>
        </test-method> <!-- springTestContextBeforeTestMethod -->
        <test-method status="PASS" signature="springTestContextAfterTestMethod(java.lang.reflect.Method)[pri:0, instance:de.bonprix.academy.modules.applicationdata.dialog.application.ApplicationWindowPresenterTest@29519337]" test-instance-name="" name="springTestContextAfterTestMethod" is-config="true" duration-ms="0" started-at="2017-09-14T16:14:14Z" finished-at="2017-09-14T16:14:14Z">
          <params>
            <param index="0">
              <value>
                <![CDATA[public void de.bonprix.academy.modules.applicationdata.dialog.application.ApplicationWindowPresenterTest.updateEntityModeAddTest()]]>
              </value>
            </param>
          </params>
          <reporter-output>
          </reporter-output>
        </test-method> <!-- springTestContextAfterTestMethod -->
        <test-method status="PASS" signature="initTests()[pri:0, instance:de.bonprix.academy.modules.applicationdata.dialog.application.ApplicationWindowPresenterTest@29519337]" test-instance-name="" name="initTests" is-config="true" duration-ms="2" started-at="2017-09-14T16:14:14Z" finished-at="2017-09-14T16:14:14Z">
          <reporter-output>
          </reporter-output>
        </test-method> <!-- initTests -->
        <test-method status="PASS" signature="updateEntityModeEditTest()[pri:0, instance:de.bonprix.academy.modules.applicationdata.dialog.application.ApplicationWindowPresenterTest@29519337]" test-instance-name="" name="updateEntityModeEditTest" duration-ms="1" started-at="2017-09-14T16:14:14Z" finished-at="2017-09-14T16:14:14Z">
          <reporter-output>
          </reporter-output>
        </test-method> <!-- updateEntityModeEditTest -->
        <test-method status="PASS" signature="springTestContextAfterTestMethod(java.lang.reflect.Method)[pri:0, instance:de.bonprix.academy.modules.applicationdata.dialog.application.ApplicationWindowPresenterTest@29519337]" test-instance-name="" name="springTestContextAfterTestMethod" is-config="true" duration-ms="0" started-at="2017-09-14T16:14:14Z" finished-at="2017-09-14T16:14:14Z">
          <params>
            <param index="0">
              <value>
                <![CDATA[public void de.bonprix.academy.modules.applicationdata.dialog.application.ApplicationWindowPresenterTest.updateEntityModeEditTest()]]>
              </value>
            </param>
          </params>
          <reporter-output>
          </reporter-output>
        </test-method> <!-- springTestContextAfterTestMethod -->
        <test-method status="PASS" signature="springTestContextBeforeTestMethod(java.lang.reflect.Method)[pri:0, instance:de.bonprix.academy.modules.applicationdata.dialog.application.ApplicationWindowPresenterTest@29519337]" test-instance-name="" name="springTestContextBeforeTestMethod" is-config="true" duration-ms="0" started-at="2017-09-14T16:14:14Z" finished-at="2017-09-14T16:14:14Z">
          <params>
            <param index="0">
              <value>
                <![CDATA[public void de.bonprix.academy.modules.applicationdata.dialog.application.ApplicationWindowPresenterTest.updateEntityNotValidTest()]]>
              </value>
            </param>
          </params>
          <reporter-output>
          </reporter-output>
        </test-method> <!-- springTestContextBeforeTestMethod -->
        <test-method status="PASS" signature="initTests()[pri:0, instance:de.bonprix.academy.modules.applicationdata.dialog.application.ApplicationWindowPresenterTest@29519337]" test-instance-name="" name="initTests" is-config="true" duration-ms="1" started-at="2017-09-14T16:14:14Z" finished-at="2017-09-14T16:14:14Z">
          <reporter-output>
          </reporter-output>
        </test-method> <!-- initTests -->
        <test-method status="PASS" signature="updateEntityNotValidTest()[pri:0, instance:de.bonprix.academy.modules.applicationdata.dialog.application.ApplicationWindowPresenterTest@29519337]" test-instance-name="" name="updateEntityNotValidTest" duration-ms="2" started-at="2017-09-14T16:14:14Z" finished-at="2017-09-14T16:14:14Z">
          <reporter-output>
          </reporter-output>
        </test-method> <!-- updateEntityNotValidTest -->
        <test-method status="PASS" signature="initTests()[pri:0, instance:de.bonprix.academy.modules.applicationdata.dialog.application.ApplicationWindowPresenterTest@29519337]" test-instance-name="" name="initTests" is-config="true" duration-ms="2" started-at="2017-09-14T16:14:14Z" finished-at="2017-09-14T16:14:14Z">
          <reporter-output>
          </reporter-output>
        </test-method> <!-- initTests -->
        <test-method status="PASS" signature="springTestContextAfterTestMethod(java.lang.reflect.Method)[pri:0, instance:de.bonprix.academy.modules.applicationdata.dialog.application.ApplicationWindowPresenterTest@29519337]" test-instance-name="" name="springTestContextAfterTestMethod" is-config="true" duration-ms="0" started-at="2017-09-14T16:14:14Z" finished-at="2017-09-14T16:14:14Z">
          <params>
            <param index="0">
              <value>
                <![CDATA[public void de.bonprix.academy.modules.applicationdata.dialog.application.ApplicationWindowPresenterTest.updateEntityNotValidTest()]]>
              </value>
            </param>
          </params>
          <reporter-output>
          </reporter-output>
        </test-method> <!-- springTestContextAfterTestMethod -->
        <test-method status="PASS" signature="springTestContextBeforeTestMethod(java.lang.reflect.Method)[pri:0, instance:de.bonprix.academy.modules.applicationdata.dialog.application.ApplicationWindowPresenterTest@29519337]" test-instance-name="" name="springTestContextBeforeTestMethod" is-config="true" duration-ms="0" started-at="2017-09-14T16:14:14Z" finished-at="2017-09-14T16:14:14Z">
          <params>
            <param index="0">
              <value>
                <![CDATA[public void de.bonprix.academy.modules.applicationdata.dialog.application.ApplicationWindowPresenterTest.withApplicationIdTest()]]>
              </value>
            </param>
          </params>
          <reporter-output>
          </reporter-output>
        </test-method> <!-- springTestContextBeforeTestMethod -->
        <test-method status="PASS" signature="withApplicationIdTest()[pri:0, instance:de.bonprix.academy.modules.applicationdata.dialog.application.ApplicationWindowPresenterTest@29519337]" test-instance-name="" name="withApplicationIdTest" duration-ms="2" started-at="2017-09-14T16:14:14Z" finished-at="2017-09-14T16:14:14Z">
          <reporter-output>
          </reporter-output>
        </test-method> <!-- withApplicationIdTest -->
        <test-method status="PASS" signature="springTestContextAfterTestClass()[pri:0, instance:de.bonprix.academy.modules.applicationdata.dialog.application.ApplicationWindowPresenterTest@29519337]" test-instance-name="" name="springTestContextAfterTestClass" is-config="true" duration-ms="0" started-at="2017-09-14T16:14:14Z" finished-at="2017-09-14T16:14:14Z">
          <reporter-output>
          </reporter-output>
        </test-method> <!-- springTestContextAfterTestClass -->
        <test-method status="PASS" signature="springTestContextAfterTestMethod(java.lang.reflect.Method)[pri:0, instance:de.bonprix.academy.modules.applicationdata.dialog.application.ApplicationWindowPresenterTest@29519337]" test-instance-name="" name="springTestContextAfterTestMethod" is-config="true" duration-ms="0" started-at="2017-09-14T16:14:14Z" finished-at="2017-09-14T16:14:14Z">
          <params>
            <param index="0">
              <value>
                <![CDATA[public void de.bonprix.academy.modules.applicationdata.dialog.application.ApplicationWindowPresenterTest.withApplicationIdTest()]]>
              </value>
            </param>
          </params>
          <reporter-output>
          </reporter-output>
        </test-method> <!-- springTestContextAfterTestMethod -->
      </class> <!-- de.bonprix.academy.modules.applicationdata.dialog.application.ApplicationWindowPresenterTest -->
      <class name="de.bonprix.academy.modules.applicationdata.dialog.applicationtype.ApplicationTypeWindowPresenterTest">
        <test-method name="springTestContextPrepareTestInstance" test-instance-name="" signature="springTestContextPrepareTestInstance()[pri:0, instance:de.bonprix.academy.modules.applicationdata.dialog.applicationtype.ApplicationTypeWindowPresenterTest@5d58dc61]" is-config="true" status="PASS" duration-ms="4" finished-at="2017-09-14T16:14:14Z" started-at="2017-09-14T16:14:14Z" depends-on-methods="org.springframework.test.context.testng.AbstractTestNGSpringContextTests.springTestContextBeforeTestClass">
          <reporter-output>
          </reporter-output>
        </test-method> <!-- springTestContextPrepareTestInstance -->
        <test-method status="PASS" signature="springTestContextBeforeTestClass()[pri:0, instance:de.bonprix.academy.modules.applicationdata.dialog.applicationtype.ApplicationTypeWindowPresenterTest@5d58dc61]" test-instance-name="" name="springTestContextBeforeTestClass" is-config="true" duration-ms="0" started-at="2017-09-14T16:14:14Z" finished-at="2017-09-14T16:14:14Z">
          <reporter-output>
          </reporter-output>
        </test-method> <!-- springTestContextBeforeTestClass -->
        <test-method status="PASS" signature="springTestContextBeforeTestMethod(java.lang.reflect.Method)[pri:0, instance:de.bonprix.academy.modules.applicationdata.dialog.applicationtype.ApplicationTypeWindowPresenterTest@5d58dc61]" test-instance-name="" name="springTestContextBeforeTestMethod" is-config="true" duration-ms="0" started-at="2017-09-14T16:14:14Z" finished-at="2017-09-14T16:14:14Z">
          <params>
            <param index="0">
              <value>
                <![CDATA[public void de.bonprix.academy.modules.applicationdata.dialog.applicationtype.ApplicationTypeWindowPresenterTest.initTest()]]>
              </value>
            </param>
          </params>
          <reporter-output>
          </reporter-output>
        </test-method> <!-- springTestContextBeforeTestMethod -->
        <test-method status="PASS" signature="initTests()[pri:0, instance:de.bonprix.academy.modules.applicationdata.dialog.applicationtype.ApplicationTypeWindowPresenterTest@5d58dc61]" test-instance-name="" name="initTests" is-config="true" duration-ms="8" started-at="2017-09-14T16:14:14Z" finished-at="2017-09-14T16:14:14Z">
          <reporter-output>
          </reporter-output>
        </test-method> <!-- initTests -->
        <test-method status="PASS" signature="initTest()[pri:0, instance:de.bonprix.academy.modules.applicationdata.dialog.applicationtype.ApplicationTypeWindowPresenterTest@5d58dc61]" test-instance-name="" name="initTest" duration-ms="0" started-at="2017-09-14T16:14:14Z" finished-at="2017-09-14T16:14:14Z">
          <reporter-output>
          </reporter-output>
        </test-method> <!-- initTest -->
        <test-method status="PASS" signature="initTests()[pri:0, instance:de.bonprix.academy.modules.applicationdata.dialog.applicationtype.ApplicationTypeWindowPresenterTest@5d58dc61]" test-instance-name="" name="initTests" is-config="true" duration-ms="2" started-at="2017-09-14T16:14:14Z" finished-at="2017-09-14T16:14:14Z">
          <reporter-output>
          </reporter-output>
        </test-method> <!-- initTests -->
        <test-method status="PASS" signature="springTestContextAfterTestMethod(java.lang.reflect.Method)[pri:0, instance:de.bonprix.academy.modules.applicationdata.dialog.applicationtype.ApplicationTypeWindowPresenterTest@5d58dc61]" test-instance-name="" name="springTestContextAfterTestMethod" is-config="true" duration-ms="0" started-at="2017-09-14T16:14:14Z" finished-at="2017-09-14T16:14:14Z">
          <params>
            <param index="0">
              <value>
                <![CDATA[public void de.bonprix.academy.modules.applicationdata.dialog.applicationtype.ApplicationTypeWindowPresenterTest.initTest()]]>
              </value>
            </param>
          </params>
          <reporter-output>
          </reporter-output>
        </test-method> <!-- springTestContextAfterTestMethod -->
        <test-method status="PASS" signature="springTestContextBeforeTestMethod(java.lang.reflect.Method)[pri:0, instance:de.bonprix.academy.modules.applicationdata.dialog.applicationtype.ApplicationTypeWindowPresenterTest@5d58dc61]" test-instance-name="" name="springTestContextBeforeTestMethod" is-config="true" duration-ms="0" started-at="2017-09-14T16:14:14Z" finished-at="2017-09-14T16:14:14Z">
          <params>
            <param index="0">
              <value>
                <![CDATA[public void de.bonprix.academy.modules.applicationdata.dialog.applicationtype.ApplicationTypeWindowPresenterTest.updateEntityModeAddTest()]]>
              </value>
            </param>
          </params>
          <reporter-output>
          </reporter-output>
        </test-method> <!-- springTestContextBeforeTestMethod -->
        <test-method status="PASS" signature="updateEntityModeAddTest()[pri:0, instance:de.bonprix.academy.modules.applicationdata.dialog.applicationtype.ApplicationTypeWindowPresenterTest@5d58dc61]" test-instance-name="" name="updateEntityModeAddTest" duration-ms="1" started-at="2017-09-14T16:14:14Z" finished-at="2017-09-14T16:14:14Z">
          <reporter-output>
          </reporter-output>
        </test-method> <!-- updateEntityModeAddTest -->
        <test-method status="PASS" signature="initTests()[pri:0, instance:de.bonprix.academy.modules.applicationdata.dialog.applicationtype.ApplicationTypeWindowPresenterTest@5d58dc61]" test-instance-name="" name="initTests" is-config="true" duration-ms="2" started-at="2017-09-14T16:14:14Z" finished-at="2017-09-14T16:14:14Z">
          <reporter-output>
          </reporter-output>
        </test-method> <!-- initTests -->
        <test-method status="PASS" signature="springTestContextAfterTestMethod(java.lang.reflect.Method)[pri:0, instance:de.bonprix.academy.modules.applicationdata.dialog.applicationtype.ApplicationTypeWindowPresenterTest@5d58dc61]" test-instance-name="" name="springTestContextAfterTestMethod" is-config="true" duration-ms="0" started-at="2017-09-14T16:14:14Z" finished-at="2017-09-14T16:14:14Z">
          <params>
            <param index="0">
              <value>
                <![CDATA[public void de.bonprix.academy.modules.applicationdata.dialog.applicationtype.ApplicationTypeWindowPresenterTest.updateEntityModeAddTest()]]>
              </value>
            </param>
          </params>
          <reporter-output>
          </reporter-output>
        </test-method> <!-- springTestContextAfterTestMethod -->
        <test-method status="PASS" signature="springTestContextBeforeTestMethod(java.lang.reflect.Method)[pri:0, instance:de.bonprix.academy.modules.applicationdata.dialog.applicationtype.ApplicationTypeWindowPresenterTest@5d58dc61]" test-instance-name="" name="springTestContextBeforeTestMethod" is-config="true" duration-ms="0" started-at="2017-09-14T16:14:14Z" finished-at="2017-09-14T16:14:14Z">
          <params>
            <param index="0">
              <value>
                <![CDATA[public void de.bonprix.academy.modules.applicationdata.dialog.applicationtype.ApplicationTypeWindowPresenterTest.updateEntityModeEditTest()]]>
              </value>
            </param>
          </params>
          <reporter-output>
          </reporter-output>
        </test-method> <!-- springTestContextBeforeTestMethod -->
        <test-method status="PASS" signature="springTestContextAfterTestMethod(java.lang.reflect.Method)[pri:0, instance:de.bonprix.academy.modules.applicationdata.dialog.applicationtype.ApplicationTypeWindowPresenterTest@5d58dc61]" test-instance-name="" name="springTestContextAfterTestMethod" is-config="true" duration-ms="1" started-at="2017-09-14T16:14:14Z" finished-at="2017-09-14T16:14:14Z">
          <params>
            <param index="0">
              <value>
                <![CDATA[public void de.bonprix.academy.modules.applicationdata.dialog.applicationtype.ApplicationTypeWindowPresenterTest.updateEntityModeEditTest()]]>
              </value>
            </param>
          </params>
          <reporter-output>
          </reporter-output>
        </test-method> <!-- springTestContextAfterTestMethod -->
        <test-method status="PASS" signature="updateEntityModeEditTest()[pri:0, instance:de.bonprix.academy.modules.applicationdata.dialog.applicationtype.ApplicationTypeWindowPresenterTest@5d58dc61]" test-instance-name="" name="updateEntityModeEditTest" duration-ms="0" started-at="2017-09-14T16:14:14Z" finished-at="2017-09-14T16:14:14Z">
          <reporter-output>
          </reporter-output>
        </test-method> <!-- updateEntityModeEditTest -->
        <test-method status="PASS" signature="springTestContextBeforeTestMethod(java.lang.reflect.Method)[pri:0, instance:de.bonprix.academy.modules.applicationdata.dialog.applicationtype.ApplicationTypeWindowPresenterTest@5d58dc61]" test-instance-name="" name="springTestContextBeforeTestMethod" is-config="true" duration-ms="0" started-at="2017-09-14T16:14:14Z" finished-at="2017-09-14T16:14:14Z">
          <params>
            <param index="0">
              <value>
                <![CDATA[public void de.bonprix.academy.modules.applicationdata.dialog.applicationtype.ApplicationTypeWindowPresenterTest.updateEntityNotValidTest()]]>
              </value>
            </param>
          </params>
          <reporter-output>
          </reporter-output>
        </test-method> <!-- springTestContextBeforeTestMethod -->
        <test-method status="PASS" signature="initTests()[pri:0, instance:de.bonprix.academy.modules.applicationdata.dialog.applicationtype.ApplicationTypeWindowPresenterTest@5d58dc61]" test-instance-name="" name="initTests" is-config="true" duration-ms="1" started-at="2017-09-14T16:14:14Z" finished-at="2017-09-14T16:14:14Z">
          <reporter-output>
          </reporter-output>
        </test-method> <!-- initTests -->
        <test-method status="PASS" signature="updateEntityNotValidTest()[pri:0, instance:de.bonprix.academy.modules.applicationdata.dialog.applicationtype.ApplicationTypeWindowPresenterTest@5d58dc61]" test-instance-name="" name="updateEntityNotValidTest" duration-ms="0" started-at="2017-09-14T16:14:14Z" finished-at="2017-09-14T16:14:14Z">
          <reporter-output>
          </reporter-output>
        </test-method> <!-- updateEntityNotValidTest -->
        <test-method status="PASS" signature="springTestContextAfterTestMethod(java.lang.reflect.Method)[pri:0, instance:de.bonprix.academy.modules.applicationdata.dialog.applicationtype.ApplicationTypeWindowPresenterTest@5d58dc61]" test-instance-name="" name="springTestContextAfterTestMethod" is-config="true" duration-ms="0" started-at="2017-09-14T16:14:14Z" finished-at="2017-09-14T16:14:14Z">
          <params>
            <param index="0">
              <value>
                <![CDATA[public void de.bonprix.academy.modules.applicationdata.dialog.applicationtype.ApplicationTypeWindowPresenterTest.updateEntityNotValidTest()]]>
              </value>
            </param>
          </params>
          <reporter-output>
          </reporter-output>
        </test-method> <!-- springTestContextAfterTestMethod -->
        <test-method status="PASS" signature="initTests()[pri:0, instance:de.bonprix.academy.modules.applicationdata.dialog.applicationtype.ApplicationTypeWindowPresenterTest@5d58dc61]" test-instance-name="" name="initTests" is-config="true" duration-ms="1" started-at="2017-09-14T16:14:14Z" finished-at="2017-09-14T16:14:14Z">
          <reporter-output>
          </reporter-output>
        </test-method> <!-- initTests -->
        <test-method status="PASS" signature="springTestContextBeforeTestMethod(java.lang.reflect.Method)[pri:0, instance:de.bonprix.academy.modules.applicationdata.dialog.applicationtype.ApplicationTypeWindowPresenterTest@5d58dc61]" test-instance-name="" name="springTestContextBeforeTestMethod" is-config="true" duration-ms="0" started-at="2017-09-14T16:14:14Z" finished-at="2017-09-14T16:14:14Z">
          <params>
            <param index="0">
              <value>
                <![CDATA[public void de.bonprix.academy.modules.applicationdata.dialog.applicationtype.ApplicationTypeWindowPresenterTest.withCountryIdTest()]]>
              </value>
            </param>
          </params>
          <reporter-output>
          </reporter-output>
        </test-method> <!-- springTestContextBeforeTestMethod -->
        <test-method status="PASS" signature="withCountryIdTest()[pri:0, instance:de.bonprix.academy.modules.applicationdata.dialog.applicationtype.ApplicationTypeWindowPresenterTest@5d58dc61]" test-instance-name="" name="withCountryIdTest" duration-ms="1" started-at="2017-09-14T16:14:14Z" finished-at="2017-09-14T16:14:14Z">
          <reporter-output>
          </reporter-output>
        </test-method> <!-- withCountryIdTest -->
        <test-method status="PASS" signature="springTestContextAfterTestClass()[pri:0, instance:de.bonprix.academy.modules.applicationdata.dialog.applicationtype.ApplicationTypeWindowPresenterTest@5d58dc61]" test-instance-name="" name="springTestContextAfterTestClass" is-config="true" duration-ms="0" started-at="2017-09-14T16:14:14Z" finished-at="2017-09-14T16:14:14Z">
          <reporter-output>
          </reporter-output>
        </test-method> <!-- springTestContextAfterTestClass -->
        <test-method status="PASS" signature="springTestContextAfterTestMethod(java.lang.reflect.Method)[pri:0, instance:de.bonprix.academy.modules.applicationdata.dialog.applicationtype.ApplicationTypeWindowPresenterTest@5d58dc61]" test-instance-name="" name="springTestContextAfterTestMethod" is-config="true" duration-ms="0" started-at="2017-09-14T16:14:14Z" finished-at="2017-09-14T16:14:14Z">
          <params>
            <param index="0">
              <value>
                <![CDATA[public void de.bonprix.academy.modules.applicationdata.dialog.applicationtype.ApplicationTypeWindowPresenterTest.withCountryIdTest()]]>
              </value>
            </param>
          </params>
          <reporter-output>
          </reporter-output>
        </test-method> <!-- springTestContextAfterTestMethod -->
      </class> <!-- de.bonprix.academy.modules.applicationdata.dialog.applicationtype.ApplicationTypeWindowPresenterTest -->
      <class name="de.bonprix.academy.modules.applicationdata.ApplicationDataPresenterTest">
        <test-method status="PASS" signature="springTestContextBeforeTestClass()[pri:0, instance:de.bonprix.academy.modules.applicationdata.ApplicationDataPresenterTest@11bfd751]" test-instance-name="" name="springTestContextBeforeTestClass" is-config="true" duration-ms="16" started-at="2017-09-14T16:14:12Z" finished-at="2017-09-14T16:14:12Z">
          <reporter-output>
          </reporter-output>
        </test-method> <!-- springTestContextBeforeTestClass -->
        <test-method name="springTestContextPrepareTestInstance" test-instance-name="" signature="springTestContextPrepareTestInstance()[pri:0, instance:de.bonprix.academy.modules.applicationdata.ApplicationDataPresenterTest@11bfd751]" is-config="true" status="PASS" duration-ms="761" finished-at="2017-09-14T16:14:13Z" started-at="2017-09-14T16:14:12Z" depends-on-methods="org.springframework.test.context.testng.AbstractTestNGSpringContextTests.springTestContextBeforeTestClass">
          <reporter-output>
          </reporter-output>
        </test-method> <!-- springTestContextPrepareTestInstance -->
        <test-method status="PASS" signature="springTestContextBeforeTestMethod(java.lang.reflect.Method)[pri:0, instance:de.bonprix.academy.modules.applicationdata.ApplicationDataPresenterTest@11bfd751]" test-instance-name="" name="springTestContextBeforeTestMethod" is-config="true" duration-ms="2" started-at="2017-09-14T16:14:13Z" finished-at="2017-09-14T16:14:13Z">
          <params>
            <param index="0">
              <value>
                <![CDATA[public void de.bonprix.academy.modules.applicationdata.ApplicationDataPresenterTest.clickedMenuAddApplicationGroupTest()]]>
              </value>
            </param>
          </params>
          <reporter-output>
          </reporter-output>
        </test-method> <!-- springTestContextBeforeTestMethod -->
        <test-method status="PASS" signature="initTests()[pri:0, instance:de.bonprix.academy.modules.applicationdata.ApplicationDataPresenterTest@11bfd751]" test-instance-name="" name="initTests" is-config="true" duration-ms="319" started-at="2017-09-14T16:14:13Z" finished-at="2017-09-14T16:14:13Z">
          <reporter-output>
          </reporter-output>
        </test-method> <!-- initTests -->
        <test-method status="PASS" signature="clickedMenuAddApplicationGroupTest()[pri:0, instance:de.bonprix.academy.modules.applicationdata.ApplicationDataPresenterTest@11bfd751]" test-instance-name="" name="clickedMenuAddApplicationGroupTest" duration-ms="32" started-at="2017-09-14T16:14:13Z" finished-at="2017-09-14T16:14:13Z">
          <reporter-output>
          </reporter-output>
        </test-method> <!-- clickedMenuAddApplicationGroupTest -->
        <test-method status="PASS" signature="springTestContextAfterTestMethod(java.lang.reflect.Method)[pri:0, instance:de.bonprix.academy.modules.applicationdata.ApplicationDataPresenterTest@11bfd751]" test-instance-name="" name="springTestContextAfterTestMethod" is-config="true" duration-ms="1" started-at="2017-09-14T16:14:13Z" finished-at="2017-09-14T16:14:13Z">
          <params>
            <param index="0">
              <value>
                <![CDATA[public void de.bonprix.academy.modules.applicationdata.ApplicationDataPresenterTest.clickedMenuAddApplicationGroupTest()]]>
              </value>
            </param>
          </params>
          <reporter-output>
          </reporter-output>
        </test-method> <!-- springTestContextAfterTestMethod -->
        <test-method status="PASS" signature="springTestContextBeforeTestMethod(java.lang.reflect.Method)[pri:0, instance:de.bonprix.academy.modules.applicationdata.ApplicationDataPresenterTest@11bfd751]" test-instance-name="" name="springTestContextBeforeTestMethod" is-config="true" duration-ms="1" started-at="2017-09-14T16:14:13Z" finished-at="2017-09-14T16:14:13Z">
          <params>
            <param index="0">
              <value>
                <![CDATA[public void de.bonprix.academy.modules.applicationdata.ApplicationDataPresenterTest.clickedMenuAddApplicationTest()]]>
              </value>
            </param>
          </params>
          <reporter-output>
          </reporter-output>
        </test-method> <!-- springTestContextBeforeTestMethod -->
        <test-method status="PASS" signature="initTests()[pri:0, instance:de.bonprix.academy.modules.applicationdata.ApplicationDataPresenterTest@11bfd751]" test-instance-name="" name="initTests" is-config="true" duration-ms="2" started-at="2017-09-14T16:14:13Z" finished-at="2017-09-14T16:14:13Z">
          <reporter-output>
          </reporter-output>
        </test-method> <!-- initTests -->
        <test-method status="PASS" signature="clickedMenuAddApplicationTest()[pri:0, instance:de.bonprix.academy.modules.applicationdata.ApplicationDataPresenterTest@11bfd751]" test-instance-name="" name="clickedMenuAddApplicationTest" duration-ms="5" started-at="2017-09-14T16:14:13Z" finished-at="2017-09-14T16:14:13Z">
          <reporter-output>
          </reporter-output>
        </test-method> <!-- clickedMenuAddApplicationTest -->
        <test-method status="PASS" signature="springTestContextAfterTestMethod(java.lang.reflect.Method)[pri:0, instance:de.bonprix.academy.modules.applicationdata.ApplicationDataPresenterTest@11bfd751]" test-instance-name="" name="springTestContextAfterTestMethod" is-config="true" duration-ms="1" started-at="2017-09-14T16:14:13Z" finished-at="2017-09-14T16:14:13Z">
          <params>
            <param index="0">
              <value>
                <![CDATA[public void de.bonprix.academy.modules.applicationdata.ApplicationDataPresenterTest.clickedMenuAddApplicationTest()]]>
              </value>
            </param>
          </params>
          <reporter-output>
          </reporter-output>
        </test-method> <!-- springTestContextAfterTestMethod -->
        <test-method status="PASS" signature="initTests()[pri:0, instance:de.bonprix.academy.modules.applicationdata.ApplicationDataPresenterTest@11bfd751]" test-instance-name="" name="initTests" is-config="true" duration-ms="2" started-at="2017-09-14T16:14:13Z" finished-at="2017-09-14T16:14:13Z">
          <reporter-output>
          </reporter-output>
        </test-method> <!-- initTests -->
        <test-method status="PASS" signature="springTestContextBeforeTestMethod(java.lang.reflect.Method)[pri:0, instance:de.bonprix.academy.modules.applicationdata.ApplicationDataPresenterTest@11bfd751]" test-instance-name="" name="springTestContextBeforeTestMethod" is-config="true" duration-ms="0" started-at="2017-09-14T16:14:13Z" finished-at="2017-09-14T16:14:13Z">
          <params>
            <param index="0">
              <value>
                <![CDATA[public void de.bonprix.academy.modules.applicationdata.ApplicationDataPresenterTest.clickedMenuAddApplicationTypeTest()]]>
              </value>
            </param>
          </params>
          <reporter-output>
          </reporter-output>
        </test-method> <!-- springTestContextBeforeTestMethod -->
        <test-method status="PASS" signature="clickedMenuAddApplicationTypeTest()[pri:0, instance:de.bonprix.academy.modules.applicationdata.ApplicationDataPresenterTest@11bfd751]" test-instance-name="" name="clickedMenuAddApplicationTypeTest" duration-ms="4" started-at="2017-09-14T16:14:13Z" finished-at="2017-09-14T16:14:13Z">
          <reporter-output>
          </reporter-output>
        </test-method> <!-- clickedMenuAddApplicationTypeTest -->
        <test-method status="PASS" signature="springTestContextBeforeTestMethod(java.lang.reflect.Method)[pri:0, instance:de.bonprix.academy.modules.applicationdata.ApplicationDataPresenterTest@11bfd751]" test-instance-name="" name="springTestContextBeforeTestMethod" is-config="true" duration-ms="0" started-at="2017-09-14T16:14:13Z" finished-at="2017-09-14T16:14:13Z">
          <params>
            <param index="0">
              <value>
                <![CDATA[public void de.bonprix.academy.modules.applicationdata.ApplicationDataPresenterTest.clickedMenuEditApplicationGroupTest()]]>
              </value>
            </param>
          </params>
          <reporter-output>
          </reporter-output>
        </test-method> <!-- springTestContextBeforeTestMethod -->
        <test-method status="PASS" signature="initTests()[pri:0, instance:de.bonprix.academy.modules.applicationdata.ApplicationDataPresenterTest@11bfd751]" test-instance-name="" name="initTests" is-config="true" duration-ms="3" started-at="2017-09-14T16:14:13Z" finished-at="2017-09-14T16:14:13Z">
          <reporter-output>
          </reporter-output>
        </test-method> <!-- initTests -->
        <test-method status="PASS" signature="springTestContextAfterTestMethod(java.lang.reflect.Method)[pri:0, instance:de.bonprix.academy.modules.applicationdata.ApplicationDataPresenterTest@11bfd751]" test-instance-name="" name="springTestContextAfterTestMethod" is-config="true" duration-ms="0" started-at="2017-09-14T16:14:13Z" finished-at="2017-09-14T16:14:13Z">
          <params>
            <param index="0">
              <value>
                <![CDATA[public void de.bonprix.academy.modules.applicationdata.ApplicationDataPresenterTest.clickedMenuAddApplicationTypeTest()]]>
              </value>
            </param>
          </params>
          <reporter-output>
          </reporter-output>
        </test-method> <!-- springTestContextAfterTestMethod -->
        <test-method status="PASS" signature="clickedMenuEditApplicationGroupTest()[pri:0, instance:de.bonprix.academy.modules.applicationdata.ApplicationDataPresenterTest@11bfd751]" test-instance-name="" name="clickedMenuEditApplicationGroupTest" duration-ms="2" started-at="2017-09-14T16:14:13Z" finished-at="2017-09-14T16:14:13Z">
          <reporter-output>
          </reporter-output>
        </test-method> <!-- clickedMenuEditApplicationGroupTest -->
        <test-method status="PASS" signature="springTestContextAfterTestMethod(java.lang.reflect.Method)[pri:0, instance:de.bonprix.academy.modules.applicationdata.ApplicationDataPresenterTest@11bfd751]" test-instance-name="" name="springTestContextAfterTestMethod" is-config="true" duration-ms="1" started-at="2017-09-14T16:14:13Z" finished-at="2017-09-14T16:14:13Z">
          <params>
            <param index="0">
              <value>
                <![CDATA[public void de.bonprix.academy.modules.applicationdata.ApplicationDataPresenterTest.clickedMenuEditApplicationGroupTest()]]>
              </value>
            </param>
          </params>
          <reporter-output>
          </reporter-output>
        </test-method> <!-- springTestContextAfterTestMethod -->
        <test-method status="PASS" signature="initTests()[pri:0, instance:de.bonprix.academy.modules.applicationdata.ApplicationDataPresenterTest@11bfd751]" test-instance-name="" name="initTests" is-config="true" duration-ms="2" started-at="2017-09-14T16:14:13Z" finished-at="2017-09-14T16:14:13Z">
          <reporter-output>
          </reporter-output>
        </test-method> <!-- initTests -->
        <test-method status="PASS" signature="springTestContextBeforeTestMethod(java.lang.reflect.Method)[pri:0, instance:de.bonprix.academy.modules.applicationdata.ApplicationDataPresenterTest@11bfd751]" test-instance-name="" name="springTestContextBeforeTestMethod" is-config="true" duration-ms="0" started-at="2017-09-14T16:14:13Z" finished-at="2017-09-14T16:14:13Z">
          <params>
            <param index="0">
              <value>
                <![CDATA[public void de.bonprix.academy.modules.applicationdata.ApplicationDataPresenterTest.clickedMenuEditApplicationTest()]]>
              </value>
            </param>
          </params>
          <reporter-output>
          </reporter-output>
        </test-method> <!-- springTestContextBeforeTestMethod -->
        <test-method status="PASS" signature="clickedMenuEditApplicationTest()[pri:0, instance:de.bonprix.academy.modules.applicationdata.ApplicationDataPresenterTest@11bfd751]" test-instance-name="" name="clickedMenuEditApplicationTest" duration-ms="2" started-at="2017-09-14T16:14:13Z" finished-at="2017-09-14T16:14:13Z">
          <reporter-output>
          </reporter-output>
        </test-method> <!-- clickedMenuEditApplicationTest -->
        <test-method status="PASS" signature="springTestContextBeforeTestMethod(java.lang.reflect.Method)[pri:0, instance:de.bonprix.academy.modules.applicationdata.ApplicationDataPresenterTest@11bfd751]" test-instance-name="" name="springTestContextBeforeTestMethod" is-config="true" duration-ms="1" started-at="2017-09-14T16:14:13Z" finished-at="2017-09-14T16:14:13Z">
          <params>
            <param index="0">
              <value>
                <![CDATA[public void de.bonprix.academy.modules.applicationdata.ApplicationDataPresenterTest.clickedMenuEditApplicationTypeTest()]]>
              </value>
            </param>
          </params>
          <reporter-output>
          </reporter-output>
        </test-method> <!-- springTestContextBeforeTestMethod -->
        <test-method status="PASS" signature="springTestContextAfterTestMethod(java.lang.reflect.Method)[pri:0, instance:de.bonprix.academy.modules.applicationdata.ApplicationDataPresenterTest@11bfd751]" test-instance-name="" name="springTestContextAfterTestMethod" is-config="true" duration-ms="0" started-at="2017-09-14T16:14:13Z" finished-at="2017-09-14T16:14:13Z">
          <params>
            <param index="0">
              <value>
                <![CDATA[public void de.bonprix.academy.modules.applicationdata.ApplicationDataPresenterTest.clickedMenuEditApplicationTest()]]>
              </value>
            </param>
          </params>
          <reporter-output>
          </reporter-output>
        </test-method> <!-- springTestContextAfterTestMethod -->
        <test-method status="PASS" signature="initTests()[pri:0, instance:de.bonprix.academy.modules.applicationdata.ApplicationDataPresenterTest@11bfd751]" test-instance-name="" name="initTests" is-config="true" duration-ms="2" started-at="2017-09-14T16:14:13Z" finished-at="2017-09-14T16:14:13Z">
          <reporter-output>
          </reporter-output>
        </test-method> <!-- initTests -->
        <test-method status="PASS" signature="clickedMenuEditApplicationTypeTest()[pri:0, instance:de.bonprix.academy.modules.applicationdata.ApplicationDataPresenterTest@11bfd751]" test-instance-name="" name="clickedMenuEditApplicationTypeTest" duration-ms="1" started-at="2017-09-14T16:14:13Z" finished-at="2017-09-14T16:14:13Z">
          <reporter-output>
          </reporter-output>
        </test-method> <!-- clickedMenuEditApplicationTypeTest -->
        <test-method status="PASS" signature="springTestContextBeforeTestMethod(java.lang.reflect.Method)[pri:0, instance:de.bonprix.academy.modules.applicationdata.ApplicationDataPresenterTest@11bfd751]" test-instance-name="" name="springTestContextBeforeTestMethod" is-config="true" duration-ms="0" started-at="2017-09-14T16:14:13Z" finished-at="2017-09-14T16:14:13Z">
          <params>
            <param index="0">
              <value>
                <![CDATA[public void de.bonprix.academy.modules.applicationdata.ApplicationDataPresenterTest.initTest()]]>
              </value>
            </param>
          </params>
          <reporter-output>
          </reporter-output>
        </test-method> <!-- springTestContextBeforeTestMethod -->
        <test-method status="PASS" signature="initTests()[pri:0, instance:de.bonprix.academy.modules.applicationdata.ApplicationDataPresenterTest@11bfd751]" test-instance-name="" name="initTests" is-config="true" duration-ms="2" started-at="2017-09-14T16:14:13Z" finished-at="2017-09-14T16:14:13Z">
          <reporter-output>
          </reporter-output>
        </test-method> <!-- initTests -->
        <test-method status="PASS" signature="springTestContextAfterTestMethod(java.lang.reflect.Method)[pri:0, instance:de.bonprix.academy.modules.applicationdata.ApplicationDataPresenterTest@11bfd751]" test-instance-name="" name="springTestContextAfterTestMethod" is-config="true" duration-ms="0" started-at="2017-09-14T16:14:13Z" finished-at="2017-09-14T16:14:13Z">
          <params>
            <param index="0">
              <value>
                <![CDATA[public void de.bonprix.academy.modules.applicationdata.ApplicationDataPresenterTest.clickedMenuEditApplicationTypeTest()]]>
              </value>
            </param>
          </params>
          <reporter-output>
          </reporter-output>
        </test-method> <!-- springTestContextAfterTestMethod -->
        <test-method status="PASS" signature="initTest()[pri:0, instance:de.bonprix.academy.modules.applicationdata.ApplicationDataPresenterTest@11bfd751]" test-instance-name="" name="initTest" duration-ms="30" started-at="2017-09-14T16:14:13Z" finished-at="2017-09-14T16:14:13Z">
          <reporter-output>
          </reporter-output>
        </test-method> <!-- initTest -->
        <test-method status="PASS" signature="springTestContextBeforeTestMethod(java.lang.reflect.Method)[pri:0, instance:de.bonprix.academy.modules.applicationdata.ApplicationDataPresenterTest@11bfd751]" test-instance-name="" name="springTestContextBeforeTestMethod" is-config="true" duration-ms="1" started-at="2017-09-14T16:14:13Z" finished-at="2017-09-14T16:14:13Z">
          <params>
            <param index="0">
              <value>
                <![CDATA[public void de.bonprix.academy.modules.applicationdata.ApplicationDataPresenterTest.insertedApplicationEventTest()]]>
              </value>
            </param>
          </params>
          <reporter-output>
          </reporter-output>
        </test-method> <!-- springTestContextBeforeTestMethod -->
        <test-method status="PASS" signature="springTestContextAfterTestMethod(java.lang.reflect.Method)[pri:0, instance:de.bonprix.academy.modules.applicationdata.ApplicationDataPresenterTest@11bfd751]" test-instance-name="" name="springTestContextAfterTestMethod" is-config="true" duration-ms="0" started-at="2017-09-14T16:14:13Z" finished-at="2017-09-14T16:14:13Z">
          <params>
            <param index="0">
              <value>
                <![CDATA[public void de.bonprix.academy.modules.applicationdata.ApplicationDataPresenterTest.initTest()]]>
              </value>
            </param>
          </params>
          <reporter-output>
          </reporter-output>
        </test-method> <!-- springTestContextAfterTestMethod -->
        <test-method status="PASS" signature="initTests()[pri:0, instance:de.bonprix.academy.modules.applicationdata.ApplicationDataPresenterTest@11bfd751]" test-instance-name="" name="initTests" is-config="true" duration-ms="3" started-at="2017-09-14T16:14:13Z" finished-at="2017-09-14T16:14:13Z">
          <reporter-output>
          </reporter-output>
        </test-method> <!-- initTests -->
        <test-method status="PASS" signature="insertedApplicationEventTest()[pri:0, instance:de.bonprix.academy.modules.applicationdata.ApplicationDataPresenterTest@11bfd751]" test-instance-name="" name="insertedApplicationEventTest" duration-ms="0" started-at="2017-09-14T16:14:13Z" finished-at="2017-09-14T16:14:13Z">
          <reporter-output>
          </reporter-output>
        </test-method> <!-- insertedApplicationEventTest -->
        <test-method status="PASS" signature="springTestContextAfterTestMethod(java.lang.reflect.Method)[pri:0, instance:de.bonprix.academy.modules.applicationdata.ApplicationDataPresenterTest@11bfd751]" test-instance-name="" name="springTestContextAfterTestMethod" is-config="true" duration-ms="1" started-at="2017-09-14T16:14:13Z" finished-at="2017-09-14T16:14:13Z">
          <params>
            <param index="0">
              <value>
                <![CDATA[public void de.bonprix.academy.modules.applicationdata.ApplicationDataPresenterTest.insertedApplicationEventTest()]]>
              </value>
            </param>
          </params>
          <reporter-output>
          </reporter-output>
        </test-method> <!-- springTestContextAfterTestMethod -->
        <test-method status="PASS" signature="springTestContextBeforeTestMethod(java.lang.reflect.Method)[pri:0, instance:de.bonprix.academy.modules.applicationdata.ApplicationDataPresenterTest@11bfd751]" test-instance-name="" name="springTestContextBeforeTestMethod" is-config="true" duration-ms="0" started-at="2017-09-14T16:14:13Z" finished-at="2017-09-14T16:14:13Z">
          <params>
            <param index="0">
              <value>
                <![CDATA[public void de.bonprix.academy.modules.applicationdata.ApplicationDataPresenterTest.insertedApplicationGroupEventTest()]]>
              </value>
            </param>
          </params>
          <reporter-output>
          </reporter-output>
        </test-method> <!-- springTestContextBeforeTestMethod -->
        <test-method status="PASS" signature="initTests()[pri:0, instance:de.bonprix.academy.modules.applicationdata.ApplicationDataPresenterTest@11bfd751]" test-instance-name="" name="initTests" is-config="true" duration-ms="1" started-at="2017-09-14T16:14:13Z" finished-at="2017-09-14T16:14:13Z">
          <reporter-output>
          </reporter-output>
        </test-method> <!-- initTests -->
        <test-method status="PASS" signature="insertedApplicationGroupEventTest()[pri:0, instance:de.bonprix.academy.modules.applicationdata.ApplicationDataPresenterTest@11bfd751]" test-instance-name="" name="insertedApplicationGroupEventTest" duration-ms="1" started-at="2017-09-14T16:14:13Z" finished-at="2017-09-14T16:14:13Z">
          <reporter-output>
          </reporter-output>
        </test-method> <!-- insertedApplicationGroupEventTest -->
        <test-method status="PASS" signature="springTestContextAfterTestMethod(java.lang.reflect.Method)[pri:0, instance:de.bonprix.academy.modules.applicationdata.ApplicationDataPresenterTest@11bfd751]" test-instance-name="" name="springTestContextAfterTestMethod" is-config="true" duration-ms="0" started-at="2017-09-14T16:14:13Z" finished-at="2017-09-14T16:14:13Z">
          <params>
            <param index="0">
              <value>
                <![CDATA[public void de.bonprix.academy.modules.applicationdata.ApplicationDataPresenterTest.insertedApplicationGroupEventTest()]]>
              </value>
            </param>
          </params>
          <reporter-output>
          </reporter-output>
        </test-method> <!-- springTestContextAfterTestMethod -->
        <test-method status="PASS" signature="initTests()[pri:0, instance:de.bonprix.academy.modules.applicationdata.ApplicationDataPresenterTest@11bfd751]" test-instance-name="" name="initTests" is-config="true" duration-ms="2" started-at="2017-09-14T16:14:13Z" finished-at="2017-09-14T16:14:13Z">
          <reporter-output>
          </reporter-output>
        </test-method> <!-- initTests -->
        <test-method status="PASS" signature="springTestContextBeforeTestMethod(java.lang.reflect.Method)[pri:0, instance:de.bonprix.academy.modules.applicationdata.ApplicationDataPresenterTest@11bfd751]" test-instance-name="" name="springTestContextBeforeTestMethod" is-config="true" duration-ms="0" started-at="2017-09-14T16:14:13Z" finished-at="2017-09-14T16:14:13Z">
          <params>
            <param index="0">
              <value>
                <![CDATA[public void de.bonprix.academy.modules.applicationdata.ApplicationDataPresenterTest.insertedApplicationTypeEventTest()]]>
              </value>
            </param>
          </params>
          <reporter-output>
          </reporter-output>
        </test-method> <!-- springTestContextBeforeTestMethod -->
        <test-method status="PASS" signature="insertedApplicationTypeEventTest()[pri:0, instance:de.bonprix.academy.modules.applicationdata.ApplicationDataPresenterTest@11bfd751]" test-instance-name="" name="insertedApplicationTypeEventTest" duration-ms="0" started-at="2017-09-14T16:14:13Z" finished-at="2017-09-14T16:14:13Z">
          <reporter-output>
          </reporter-output>
        </test-method> <!-- insertedApplicationTypeEventTest -->
        <test-method status="PASS" signature="springTestContextAfterTestMethod(java.lang.reflect.Method)[pri:0, instance:de.bonprix.academy.modules.applicationdata.ApplicationDataPresenterTest@11bfd751]" test-instance-name="" name="springTestContextAfterTestMethod" is-config="true" duration-ms="1" started-at="2017-09-14T16:14:13Z" finished-at="2017-09-14T16:14:13Z">
          <params>
            <param index="0">
              <value>
                <![CDATA[public void de.bonprix.academy.modules.applicationdata.ApplicationDataPresenterTest.insertedApplicationTypeEventTest()]]>
              </value>
            </param>
          </params>
          <reporter-output>
          </reporter-output>
        </test-method> <!-- springTestContextAfterTestMethod -->
        <test-method status="PASS" signature="springTestContextBeforeTestMethod(java.lang.reflect.Method)[pri:0, instance:de.bonprix.academy.modules.applicationdata.ApplicationDataPresenterTest@11bfd751]" test-instance-name="" name="springTestContextBeforeTestMethod" is-config="true" duration-ms="0" started-at="2017-09-14T16:14:13Z" finished-at="2017-09-14T16:14:13Z">
          <params>
            <param index="0">
              <value>
                <![CDATA[public void de.bonprix.academy.modules.applicationdata.ApplicationDataPresenterTest.selectionChangedOnGridApplicationGroupSelectionTest()]]>
              </value>
            </param>
          </params>
          <reporter-output>
          </reporter-output>
        </test-method> <!-- springTestContextBeforeTestMethod -->
        <test-method status="PASS" signature="initTests()[pri:0, instance:de.bonprix.academy.modules.applicationdata.ApplicationDataPresenterTest@11bfd751]" test-instance-name="" name="initTests" is-config="true" duration-ms="1" started-at="2017-09-14T16:14:13Z" finished-at="2017-09-14T16:14:13Z">
          <reporter-output>
          </reporter-output>
        </test-method> <!-- initTests -->
        <test-method status="PASS" signature="selectionChangedOnGridApplicationGroupSelectionTest()[pri:0, instance:de.bonprix.academy.modules.applicationdata.ApplicationDataPresenterTest@11bfd751]" test-instance-name="" name="selectionChangedOnGridApplicationGroupSelectionTest" duration-ms="1" started-at="2017-09-14T16:14:13Z" finished-at="2017-09-14T16:14:13Z">
          <reporter-output>
          </reporter-output>
        </test-method> <!-- selectionChangedOnGridApplicationGroupSelectionTest -->
        <test-method status="PASS" signature="initTests()[pri:0, instance:de.bonprix.academy.modules.applicationdata.ApplicationDataPresenterTest@11bfd751]" test-instance-name="" name="initTests" is-config="true" duration-ms="2" started-at="2017-09-14T16:14:13Z" finished-at="2017-09-14T16:14:13Z">
          <reporter-output>
          </reporter-output>
        </test-method> <!-- initTests -->
        <test-method status="PASS" signature="springTestContextBeforeTestMethod(java.lang.reflect.Method)[pri:0, instance:de.bonprix.academy.modules.applicationdata.ApplicationDataPresenterTest@11bfd751]" test-instance-name="" name="springTestContextBeforeTestMethod" is-config="true" duration-ms="0" started-at="2017-09-14T16:14:13Z" finished-at="2017-09-14T16:14:13Z">
          <params>
            <param index="0">
              <value>
                <![CDATA[public void de.bonprix.academy.modules.applicationdata.ApplicationDataPresenterTest.selectionChangedOnGridApplicationSelectionTest()]]>
              </value>
            </param>
          </params>
          <reporter-output>
          </reporter-output>
        </test-method> <!-- springTestContextBeforeTestMethod -->
        <test-method status="PASS" signature="springTestContextAfterTestMethod(java.lang.reflect.Method)[pri:0, instance:de.bonprix.academy.modules.applicationdata.ApplicationDataPresenterTest@11bfd751]" test-instance-name="" name="springTestContextAfterTestMethod" is-config="true" duration-ms="0" started-at="2017-09-14T16:14:13Z" finished-at="2017-09-14T16:14:13Z">
          <params>
            <param index="0">
              <value>
                <![CDATA[public void de.bonprix.academy.modules.applicationdata.ApplicationDataPresenterTest.selectionChangedOnGridApplicationGroupSelectionTest()]]>
              </value>
            </param>
          </params>
          <reporter-output>
          </reporter-output>
        </test-method> <!-- springTestContextAfterTestMethod -->
        <test-method status="PASS" signature="selectionChangedOnGridApplicationSelectionTest()[pri:0, instance:de.bonprix.academy.modules.applicationdata.ApplicationDataPresenterTest@11bfd751]" test-instance-name="" name="selectionChangedOnGridApplicationSelectionTest" duration-ms="0" started-at="2017-09-14T16:14:13Z" finished-at="2017-09-14T16:14:13Z">
          <reporter-output>
          </reporter-output>
        </test-method> <!-- selectionChangedOnGridApplicationSelectionTest -->
        <test-method status="PASS" signature="initTests()[pri:0, instance:de.bonprix.academy.modules.applicationdata.ApplicationDataPresenterTest@11bfd751]" test-instance-name="" name="initTests" is-config="true" duration-ms="1" started-at="2017-09-14T16:14:13Z" finished-at="2017-09-14T16:14:13Z">
          <reporter-output>
          </reporter-output>
        </test-method> <!-- initTests -->
        <test-method status="PASS" signature="springTestContextBeforeTestMethod(java.lang.reflect.Method)[pri:0, instance:de.bonprix.academy.modules.applicationdata.ApplicationDataPresenterTest@11bfd751]" test-instance-name="" name="springTestContextBeforeTestMethod" is-config="true" duration-ms="0" started-at="2017-09-14T16:14:13Z" finished-at="2017-09-14T16:14:13Z">
          <params>
            <param index="0">
              <value>
                <![CDATA[public void de.bonprix.academy.modules.applicationdata.ApplicationDataPresenterTest.selectionChangedOnGridApplicationTypeSelectionTest()]]>
              </value>
            </param>
          </params>
          <reporter-output>
          </reporter-output>
        </test-method> <!-- springTestContextBeforeTestMethod -->
        <test-method status="PASS" signature="springTestContextAfterTestMethod(java.lang.reflect.Method)[pri:0, instance:de.bonprix.academy.modules.applicationdata.ApplicationDataPresenterTest@11bfd751]" test-instance-name="" name="springTestContextAfterTestMethod" is-config="true" duration-ms="0" started-at="2017-09-14T16:14:13Z" finished-at="2017-09-14T16:14:13Z">
          <params>
            <param index="0">
              <value>
                <![CDATA[public void de.bonprix.academy.modules.applicationdata.ApplicationDataPresenterTest.selectionChangedOnGridApplicationSelectionTest()]]>
              </value>
            </param>
          </params>
          <reporter-output>
          </reporter-output>
        </test-method> <!-- springTestContextAfterTestMethod -->
        <test-method status="PASS" signature="selectionChangedOnGridApplicationTypeSelectionTest()[pri:0, instance:de.bonprix.academy.modules.applicationdata.ApplicationDataPresenterTest@11bfd751]" test-instance-name="" name="selectionChangedOnGridApplicationTypeSelectionTest" duration-ms="0" started-at="2017-09-14T16:14:13Z" finished-at="2017-09-14T16:14:13Z">
          <reporter-output>
          </reporter-output>
        </test-method> <!-- selectionChangedOnGridApplicationTypeSelectionTest -->
        <test-method status="PASS" signature="initTests()[pri:0, instance:de.bonprix.academy.modules.applicationdata.ApplicationDataPresenterTest@11bfd751]" test-instance-name="" name="initTests" is-config="true" duration-ms="2" started-at="2017-09-14T16:14:13Z" finished-at="2017-09-14T16:14:13Z">
          <reporter-output>
          </reporter-output>
        </test-method> <!-- initTests -->
        <test-method status="PASS" signature="springTestContextAfterTestMethod(java.lang.reflect.Method)[pri:0, instance:de.bonprix.academy.modules.applicationdata.ApplicationDataPresenterTest@11bfd751]" test-instance-name="" name="springTestContextAfterTestMethod" is-config="true" duration-ms="0" started-at="2017-09-14T16:14:13Z" finished-at="2017-09-14T16:14:13Z">
          <params>
            <param index="0">
              <value>
                <![CDATA[public void de.bonprix.academy.modules.applicationdata.ApplicationDataPresenterTest.selectionChangedOnGridApplicationTypeSelectionTest()]]>
              </value>
            </param>
          </params>
          <reporter-output>
          </reporter-output>
        </test-method> <!-- springTestContextAfterTestMethod -->
        <test-method status="PASS" signature="springTestContextBeforeTestMethod(java.lang.reflect.Method)[pri:0, instance:de.bonprix.academy.modules.applicationdata.ApplicationDataPresenterTest@11bfd751]" test-instance-name="" name="springTestContextBeforeTestMethod" is-config="true" duration-ms="0" started-at="2017-09-14T16:14:13Z" finished-at="2017-09-14T16:14:13Z">
          <params>
            <param index="0">
              <value>
                <![CDATA[public void de.bonprix.academy.modules.applicationdata.ApplicationDataPresenterTest.selectionChangedOnGridNoSelectionTest()]]>
              </value>
            </param>
          </params>
          <reporter-output>
          </reporter-output>
        </test-method> <!-- springTestContextBeforeTestMethod -->
        <test-method status="PASS" signature="selectionChangedOnGridNoSelectionTest()[pri:0, instance:de.bonprix.academy.modules.applicationdata.ApplicationDataPresenterTest@11bfd751]" test-instance-name="" name="selectionChangedOnGridNoSelectionTest" duration-ms="0" started-at="2017-09-14T16:14:13Z" finished-at="2017-09-14T16:14:13Z">
          <reporter-output>
          </reporter-output>
        </test-method> <!-- selectionChangedOnGridNoSelectionTest -->
        <test-method status="PASS" signature="springTestContextAfterTestMethod(java.lang.reflect.Method)[pri:0, instance:de.bonprix.academy.modules.applicationdata.ApplicationDataPresenterTest@11bfd751]" test-instance-name="" name="springTestContextAfterTestMethod" is-config="true" duration-ms="1" started-at="2017-09-14T16:14:13Z" finished-at="2017-09-14T16:14:13Z">
          <params>
            <param index="0">
              <value>
                <![CDATA[public void de.bonprix.academy.modules.applicationdata.ApplicationDataPresenterTest.selectionChangedOnGridNoSelectionTest()]]>
              </value>
            </param>
          </params>
          <reporter-output>
          </reporter-output>
        </test-method> <!-- springTestContextAfterTestMethod -->
        <test-method status="PASS" signature="initTests()[pri:0, instance:de.bonprix.academy.modules.applicationdata.ApplicationDataPresenterTest@11bfd751]" test-instance-name="" name="initTests" is-config="true" duration-ms="1" started-at="2017-09-14T16:14:13Z" finished-at="2017-09-14T16:14:13Z">
          <reporter-output>
          </reporter-output>
        </test-method> <!-- initTests -->
        <test-method status="PASS" signature="springTestContextBeforeTestMethod(java.lang.reflect.Method)[pri:0, instance:de.bonprix.academy.modules.applicationdata.ApplicationDataPresenterTest@11bfd751]" test-instance-name="" name="springTestContextBeforeTestMethod" is-config="true" duration-ms="0" started-at="2017-09-14T16:14:13Z" finished-at="2017-09-14T16:14:13Z">
          <params>
            <param index="0">
              <value>
                <![CDATA[public void de.bonprix.academy.modules.applicationdata.ApplicationDataPresenterTest.updatedApplicationEventTest()]]>
              </value>
            </param>
          </params>
          <reporter-output>
          </reporter-output>
        </test-method> <!-- springTestContextBeforeTestMethod -->
        <test-method status="PASS" signature="springTestContextBeforeTestMethod(java.lang.reflect.Method)[pri:0, instance:de.bonprix.academy.modules.applicationdata.ApplicationDataPresenterTest@11bfd751]" test-instance-name="" name="springTestContextBeforeTestMethod" is-config="true" duration-ms="1" started-at="2017-09-14T16:14:13Z" finished-at="2017-09-14T16:14:13Z">
          <params>
            <param index="0">
              <value>
                <![CDATA[public void de.bonprix.academy.modules.applicationdata.ApplicationDataPresenterTest.updatedApplicationGroupEventTest()]]>
              </value>
            </param>
          </params>
          <reporter-output>
          </reporter-output>
        </test-method> <!-- springTestContextBeforeTestMethod -->
        <test-method status="PASS" signature="updatedApplicationEventTest()[pri:0, instance:de.bonprix.academy.modules.applicationdata.ApplicationDataPresenterTest@11bfd751]" test-instance-name="" name="updatedApplicationEventTest" duration-ms="0" started-at="2017-09-14T16:14:13Z" finished-at="2017-09-14T16:14:13Z">
          <reporter-output>
          </reporter-output>
        </test-method> <!-- updatedApplicationEventTest -->
        <test-method status="PASS" signature="springTestContextAfterTestMethod(java.lang.reflect.Method)[pri:0, instance:de.bonprix.academy.modules.applicationdata.ApplicationDataPresenterTest@11bfd751]" test-instance-name="" name="springTestContextAfterTestMethod" is-config="true" duration-ms="0" started-at="2017-09-14T16:14:13Z" finished-at="2017-09-14T16:14:13Z">
          <params>
            <param index="0">
              <value>
                <![CDATA[public void de.bonprix.academy.modules.applicationdata.ApplicationDataPresenterTest.updatedApplicationEventTest()]]>
              </value>
            </param>
          </params>
          <reporter-output>
          </reporter-output>
        </test-method> <!-- springTestContextAfterTestMethod -->
        <test-method status="PASS" signature="initTests()[pri:0, instance:de.bonprix.academy.modules.applicationdata.ApplicationDataPresenterTest@11bfd751]" test-instance-name="" name="initTests" is-config="true" duration-ms="2" started-at="2017-09-14T16:14:13Z" finished-at="2017-09-14T16:14:13Z">
          <reporter-output>
          </reporter-output>
        </test-method> <!-- initTests -->
        <test-method status="PASS" signature="springTestContextAfterTestMethod(java.lang.reflect.Method)[pri:0, instance:de.bonprix.academy.modules.applicationdata.ApplicationDataPresenterTest@11bfd751]" test-instance-name="" name="springTestContextAfterTestMethod" is-config="true" duration-ms="1" started-at="2017-09-14T16:14:13Z" finished-at="2017-09-14T16:14:13Z">
          <params>
            <param index="0">
              <value>
                <![CDATA[public void de.bonprix.academy.modules.applicationdata.ApplicationDataPresenterTest.updatedApplicationGroupEventTest()]]>
              </value>
            </param>
          </params>
          <reporter-output>
          </reporter-output>
        </test-method> <!-- springTestContextAfterTestMethod -->
        <test-method status="PASS" signature="updatedApplicationGroupEventTest()[pri:0, instance:de.bonprix.academy.modules.applicationdata.ApplicationDataPresenterTest@11bfd751]" test-instance-name="" name="updatedApplicationGroupEventTest" duration-ms="0" started-at="2017-09-14T16:14:13Z" finished-at="2017-09-14T16:14:13Z">
          <reporter-output>
          </reporter-output>
        </test-method> <!-- updatedApplicationGroupEventTest -->
        <test-method status="PASS" signature="initTests()[pri:0, instance:de.bonprix.academy.modules.applicationdata.ApplicationDataPresenterTest@11bfd751]" test-instance-name="" name="initTests" is-config="true" duration-ms="2" started-at="2017-09-14T16:14:13Z" finished-at="2017-09-14T16:14:13Z">
          <reporter-output>
          </reporter-output>
        </test-method> <!-- initTests -->
        <test-method status="PASS" signature="springTestContextBeforeTestMethod(java.lang.reflect.Method)[pri:0, instance:de.bonprix.academy.modules.applicationdata.ApplicationDataPresenterTest@11bfd751]" test-instance-name="" name="springTestContextBeforeTestMethod" is-config="true" duration-ms="0" started-at="2017-09-14T16:14:13Z" finished-at="2017-09-14T16:14:13Z">
          <params>
            <param index="0">
              <value>
                <![CDATA[public void de.bonprix.academy.modules.applicationdata.ApplicationDataPresenterTest.updatedApplicationTypeEventTest()]]>
              </value>
            </param>
          </params>
          <reporter-output>
          </reporter-output>
        </test-method> <!-- springTestContextBeforeTestMethod -->
        <test-method status="PASS" signature="updatedApplicationTypeEventTest()[pri:0, instance:de.bonprix.academy.modules.applicationdata.ApplicationDataPresenterTest@11bfd751]" test-instance-name="" name="updatedApplicationTypeEventTest" duration-ms="1" started-at="2017-09-14T16:14:13Z" finished-at="2017-09-14T16:14:13Z">
          <reporter-output>
          </reporter-output>
        </test-method> <!-- updatedApplicationTypeEventTest -->
        <test-method status="PASS" signature="springTestContextAfterTestClass()[pri:0, instance:de.bonprix.academy.modules.applicationdata.ApplicationDataPresenterTest@11bfd751]" test-instance-name="" name="springTestContextAfterTestClass" is-config="true" duration-ms="0" started-at="2017-09-14T16:14:13Z" finished-at="2017-09-14T16:14:13Z">
          <reporter-output>
          </reporter-output>
        </test-method> <!-- springTestContextAfterTestClass -->
        <test-method status="PASS" signature="springTestContextAfterTestMethod(java.lang.reflect.Method)[pri:0, instance:de.bonprix.academy.modules.applicationdata.ApplicationDataPresenterTest@11bfd751]" test-instance-name="" name="springTestContextAfterTestMethod" is-config="true" duration-ms="0" started-at="2017-09-14T16:14:13Z" finished-at="2017-09-14T16:14:13Z">
          <params>
            <param index="0">
              <value>
                <![CDATA[public void de.bonprix.academy.modules.applicationdata.ApplicationDataPresenterTest.updatedApplicationTypeEventTest()]]>
              </value>
            </param>
          </params>
          <reporter-output>
          </reporter-output>
        </test-method> <!-- springTestContextAfterTestMethod -->
      </class> <!-- de.bonprix.academy.modules.applicationdata.ApplicationDataPresenterTest -->
      <class name="de.bonprix.academy.modules.applicationdata.dialog.applicationgroup.ApplicationGroupWindowPresenterTest">
        <test-method status="PASS" signature="springTestContextBeforeTestClass()[pri:0, instance:de.bonprix.academy.modules.applicationdata.dialog.applicationgroup.ApplicationGroupWindowPresenterTest@2152fde5]" test-instance-name="" name="springTestContextBeforeTestClass" is-config="true" duration-ms="0" started-at="2017-09-14T16:14:14Z" finished-at="2017-09-14T16:14:14Z">
          <reporter-output>
          </reporter-output>
        </test-method> <!-- springTestContextBeforeTestClass -->
        <test-method name="springTestContextPrepareTestInstance" test-instance-name="" signature="springTestContextPrepareTestInstance()[pri:0, instance:de.bonprix.academy.modules.applicationdata.dialog.applicationgroup.ApplicationGroupWindowPresenterTest@2152fde5]" is-config="true" status="PASS" duration-ms="4" finished-at="2017-09-14T16:14:14Z" started-at="2017-09-14T16:14:14Z" depends-on-methods="org.springframework.test.context.testng.AbstractTestNGSpringContextTests.springTestContextBeforeTestClass">
          <reporter-output>
          </reporter-output>
        </test-method> <!-- springTestContextPrepareTestInstance -->
        <test-method status="PASS" signature="initTests()[pri:0, instance:de.bonprix.academy.modules.applicationdata.dialog.applicationgroup.ApplicationGroupWindowPresenterTest@2152fde5]" test-instance-name="" name="initTests" is-config="true" duration-ms="6" started-at="2017-09-14T16:14:14Z" finished-at="2017-09-14T16:14:14Z">
          <reporter-output>
          </reporter-output>
        </test-method> <!-- initTests -->
        <test-method status="PASS" signature="springTestContextBeforeTestMethod(java.lang.reflect.Method)[pri:0, instance:de.bonprix.academy.modules.applicationdata.dialog.applicationgroup.ApplicationGroupWindowPresenterTest@2152fde5]" test-instance-name="" name="springTestContextBeforeTestMethod" is-config="true" duration-ms="0" started-at="2017-09-14T16:14:14Z" finished-at="2017-09-14T16:14:14Z">
          <params>
            <param index="0">
              <value>
                <![CDATA[public void de.bonprix.academy.modules.applicationdata.dialog.applicationgroup.ApplicationGroupWindowPresenterTest.initTest()]]>
              </value>
            </param>
          </params>
          <reporter-output>
          </reporter-output>
        </test-method> <!-- springTestContextBeforeTestMethod -->
        <test-method status="PASS" signature="initTest()[pri:0, instance:de.bonprix.academy.modules.applicationdata.dialog.applicationgroup.ApplicationGroupWindowPresenterTest@2152fde5]" test-instance-name="" name="initTest" duration-ms="1" started-at="2017-09-14T16:14:14Z" finished-at="2017-09-14T16:14:14Z">
          <reporter-output>
          </reporter-output>
        </test-method> <!-- initTest -->
        <test-method status="PASS" signature="springTestContextAfterTestMethod(java.lang.reflect.Method)[pri:0, instance:de.bonprix.academy.modules.applicationdata.dialog.applicationgroup.ApplicationGroupWindowPresenterTest@2152fde5]" test-instance-name="" name="springTestContextAfterTestMethod" is-config="true" duration-ms="0" started-at="2017-09-14T16:14:14Z" finished-at="2017-09-14T16:14:14Z">
          <params>
            <param index="0">
              <value>
                <![CDATA[public void de.bonprix.academy.modules.applicationdata.dialog.applicationgroup.ApplicationGroupWindowPresenterTest.initTest()]]>
              </value>
            </param>
          </params>
          <reporter-output>
          </reporter-output>
        </test-method> <!-- springTestContextAfterTestMethod -->
        <test-method status="PASS" signature="initTests()[pri:0, instance:de.bonprix.academy.modules.applicationdata.dialog.applicationgroup.ApplicationGroupWindowPresenterTest@2152fde5]" test-instance-name="" name="initTests" is-config="true" duration-ms="2" started-at="2017-09-14T16:14:14Z" finished-at="2017-09-14T16:14:14Z">
          <reporter-output>
          </reporter-output>
        </test-method> <!-- initTests -->
        <test-method status="PASS" signature="springTestContextBeforeTestMethod(java.lang.reflect.Method)[pri:0, instance:de.bonprix.academy.modules.applicationdata.dialog.applicationgroup.ApplicationGroupWindowPresenterTest@2152fde5]" test-instance-name="" name="springTestContextBeforeTestMethod" is-config="true" duration-ms="0" started-at="2017-09-14T16:14:14Z" finished-at="2017-09-14T16:14:14Z">
          <params>
            <param index="0">
              <value>
                <![CDATA[public void de.bonprix.academy.modules.applicationdata.dialog.applicationgroup.ApplicationGroupWindowPresenterTest.updateEntityModeAddTest()]]>
              </value>
            </param>
          </params>
          <reporter-output>
          </reporter-output>
        </test-method> <!-- springTestContextBeforeTestMethod -->
        <test-method status="PASS" signature="updateEntityModeAddTest()[pri:0, instance:de.bonprix.academy.modules.applicationdata.dialog.applicationgroup.ApplicationGroupWindowPresenterTest@2152fde5]" test-instance-name="" name="updateEntityModeAddTest" duration-ms="1" started-at="2017-09-14T16:14:14Z" finished-at="2017-09-14T16:14:14Z">
          <reporter-output>
          </reporter-output>
        </test-method> <!-- updateEntityModeAddTest -->
        <test-method status="PASS" signature="springTestContextAfterTestMethod(java.lang.reflect.Method)[pri:0, instance:de.bonprix.academy.modules.applicationdata.dialog.applicationgroup.ApplicationGroupWindowPresenterTest@2152fde5]" test-instance-name="" name="springTestContextAfterTestMethod" is-config="true" duration-ms="1" started-at="2017-09-14T16:14:14Z" finished-at="2017-09-14T16:14:14Z">
          <params>
            <param index="0">
              <value>
                <![CDATA[public void de.bonprix.academy.modules.applicationdata.dialog.applicationgroup.ApplicationGroupWindowPresenterTest.updateEntityModeAddTest()]]>
              </value>
            </param>
          </params>
          <reporter-output>
          </reporter-output>
        </test-method> <!-- springTestContextAfterTestMethod -->
        <test-method status="PASS" signature="springTestContextBeforeTestMethod(java.lang.reflect.Method)[pri:0, instance:de.bonprix.academy.modules.applicationdata.dialog.applicationgroup.ApplicationGroupWindowPresenterTest@2152fde5]" test-instance-name="" name="springTestContextBeforeTestMethod" is-config="true" duration-ms="0" started-at="2017-09-14T16:14:14Z" finished-at="2017-09-14T16:14:14Z">
          <params>
            <param index="0">
              <value>
                <![CDATA[public void de.bonprix.academy.modules.applicationdata.dialog.applicationgroup.ApplicationGroupWindowPresenterTest.updateEntityModeEditTest()]]>
              </value>
            </param>
          </params>
          <reporter-output>
          </reporter-output>
        </test-method> <!-- springTestContextBeforeTestMethod -->
        <test-method status="PASS" signature="initTests()[pri:0, instance:de.bonprix.academy.modules.applicationdata.dialog.applicationgroup.ApplicationGroupWindowPresenterTest@2152fde5]" test-instance-name="" name="initTests" is-config="true" duration-ms="1" started-at="2017-09-14T16:14:14Z" finished-at="2017-09-14T16:14:14Z">
          <reporter-output>
          </reporter-output>
        </test-method> <!-- initTests -->
        <test-method status="PASS" signature="updateEntityModeEditTest()[pri:0, instance:de.bonprix.academy.modules.applicationdata.dialog.applicationgroup.ApplicationGroupWindowPresenterTest@2152fde5]" test-instance-name="" name="updateEntityModeEditTest" duration-ms="1" started-at="2017-09-14T16:14:14Z" finished-at="2017-09-14T16:14:14Z">
          <reporter-output>
          </reporter-output>
        </test-method> <!-- updateEntityModeEditTest -->
        <test-method status="PASS" signature="springTestContextAfterTestMethod(java.lang.reflect.Method)[pri:0, instance:de.bonprix.academy.modules.applicationdata.dialog.applicationgroup.ApplicationGroupWindowPresenterTest@2152fde5]" test-instance-name="" name="springTestContextAfterTestMethod" is-config="true" duration-ms="1" started-at="2017-09-14T16:14:14Z" finished-at="2017-09-14T16:14:14Z">
          <params>
            <param index="0">
              <value>
                <![CDATA[public void de.bonprix.academy.modules.applicationdata.dialog.applicationgroup.ApplicationGroupWindowPresenterTest.updateEntityModeEditTest()]]>
              </value>
            </param>
          </params>
          <reporter-output>
          </reporter-output>
        </test-method> <!-- springTestContextAfterTestMethod -->
        <test-method status="PASS" signature="initTests()[pri:0, instance:de.bonprix.academy.modules.applicationdata.dialog.applicationgroup.ApplicationGroupWindowPresenterTest@2152fde5]" test-instance-name="" name="initTests" is-config="true" duration-ms="1" started-at="2017-09-14T16:14:14Z" finished-at="2017-09-14T16:14:14Z">
          <reporter-output>
          </reporter-output>
        </test-method> <!-- initTests -->
        <test-method status="PASS" signature="springTestContextBeforeTestMethod(java.lang.reflect.Method)[pri:0, instance:de.bonprix.academy.modules.applicationdata.dialog.applicationgroup.ApplicationGroupWindowPresenterTest@2152fde5]" test-instance-name="" name="springTestContextBeforeTestMethod" is-config="true" duration-ms="0" started-at="2017-09-14T16:14:14Z" finished-at="2017-09-14T16:14:14Z">
          <params>
            <param index="0">
              <value>
                <![CDATA[public void de.bonprix.academy.modules.applicationdata.dialog.applicationgroup.ApplicationGroupWindowPresenterTest.updateEntityNotValidTest()]]>
              </value>
            </param>
          </params>
          <reporter-output>
          </reporter-output>
        </test-method> <!-- springTestContextBeforeTestMethod -->
        <test-method status="PASS" signature="updateEntityNotValidTest()[pri:0, instance:de.bonprix.academy.modules.applicationdata.dialog.applicationgroup.ApplicationGroupWindowPresenterTest@2152fde5]" test-instance-name="" name="updateEntityNotValidTest" duration-ms="1" started-at="2017-09-14T16:14:14Z" finished-at="2017-09-14T16:14:14Z">
          <reporter-output>
          </reporter-output>
        </test-method> <!-- updateEntityNotValidTest -->
        <test-method status="PASS" signature="springTestContextAfterTestMethod(java.lang.reflect.Method)[pri:0, instance:de.bonprix.academy.modules.applicationdata.dialog.applicationgroup.ApplicationGroupWindowPresenterTest@2152fde5]" test-instance-name="" name="springTestContextAfterTestMethod" is-config="true" duration-ms="0" started-at="2017-09-14T16:14:14Z" finished-at="2017-09-14T16:14:14Z">
          <params>
            <param index="0">
              <value>
                <![CDATA[public void de.bonprix.academy.modules.applicationdata.dialog.applicationgroup.ApplicationGroupWindowPresenterTest.updateEntityNotValidTest()]]>
              </value>
            </param>
          </params>
          <reporter-output>
          </reporter-output>
        </test-method> <!-- springTestContextAfterTestMethod -->
        <test-method status="PASS" signature="initTests()[pri:0, instance:de.bonprix.academy.modules.applicationdata.dialog.applicationgroup.ApplicationGroupWindowPresenterTest@2152fde5]" test-instance-name="" name="initTests" is-config="true" duration-ms="2" started-at="2017-09-14T16:14:14Z" finished-at="2017-09-14T16:14:14Z">
          <reporter-output>
          </reporter-output>
        </test-method> <!-- initTests -->
        <test-method status="PASS" signature="springTestContextBeforeTestMethod(java.lang.reflect.Method)[pri:0, instance:de.bonprix.academy.modules.applicationdata.dialog.applicationgroup.ApplicationGroupWindowPresenterTest@2152fde5]" test-instance-name="" name="springTestContextBeforeTestMethod" is-config="true" duration-ms="0" started-at="2017-09-14T16:14:14Z" finished-at="2017-09-14T16:14:14Z">
          <params>
            <param index="0">
              <value>
                <![CDATA[public void de.bonprix.academy.modules.applicationdata.dialog.applicationgroup.ApplicationGroupWindowPresenterTest.withCountryIdTest()]]>
              </value>
            </param>
          </params>
          <reporter-output>
          </reporter-output>
        </test-method> <!-- springTestContextBeforeTestMethod -->
        <test-method status="PASS" signature="springTestContextAfterTestMethod(java.lang.reflect.Method)[pri:0, instance:de.bonprix.academy.modules.applicationdata.dialog.applicationgroup.ApplicationGroupWindowPresenterTest@2152fde5]" test-instance-name="" name="springTestContextAfterTestMethod" is-config="true" duration-ms="1" started-at="2017-09-14T16:14:14Z" finished-at="2017-09-14T16:14:14Z">
          <params>
            <param index="0">
              <value>
                <![CDATA[public void de.bonprix.academy.modules.applicationdata.dialog.applicationgroup.ApplicationGroupWindowPresenterTest.withCountryIdTest()]]>
              </value>
            </param>
          </params>
          <reporter-output>
          </reporter-output>
        </test-method> <!-- springTestContextAfterTestMethod -->
        <test-method status="PASS" signature="withCountryIdTest()[pri:0, instance:de.bonprix.academy.modules.applicationdata.dialog.applicationgroup.ApplicationGroupWindowPresenterTest@2152fde5]" test-instance-name="" name="withCountryIdTest" duration-ms="0" started-at="2017-09-14T16:14:14Z" finished-at="2017-09-14T16:14:14Z">
          <reporter-output>
          </reporter-output>
        </test-method> <!-- withCountryIdTest -->
        <test-method status="PASS" signature="springTestContextAfterTestClass()[pri:0, instance:de.bonprix.academy.modules.applicationdata.dialog.applicationgroup.ApplicationGroupWindowPresenterTest@2152fde5]" test-instance-name="" name="springTestContextAfterTestClass" is-config="true" duration-ms="0" started-at="2017-09-14T16:14:14Z" finished-at="2017-09-14T16:14:14Z">
          <reporter-output>
          </reporter-output>
        </test-method> <!-- springTestContextAfterTestClass -->
      </class> <!-- de.bonprix.academy.modules.applicationdata.dialog.applicationgroup.ApplicationGroupWindowPresenterTest -->
    </test> <!-- Surefire test -->
  </suite> <!-- Surefire suite -->
</testng-results>
