<?xml version="1.0" encoding="UTF-8"?>
<!-- Generated by org.testng.reporters.JUnitXMLReporter -->
<testsuite hostname="DESKTOP-LKTRJNP" name="Surefire test" tests="32" failures="0" timestamp="14 Sep 2017 23:14:14 GMT" time="1.325" errors="0">
  <testcase name="" time="0.032" classname="de.bonprix.academy.modules.applicationdata.ApplicationDataPresenterTest"/>
  <testcase name="" time="0.005" classname="de.bonprix.academy.modules.applicationdata.ApplicationDataPresenterTest"/>
  <testcase name="" time="0.004" classname="de.bonprix.academy.modules.applicationdata.ApplicationDataPresenterTest"/>
  <testcase name="" time="0.002" classname="de.bonprix.academy.modules.applicationdata.ApplicationDataPresenterTest"/>
  <testcase name="" time="0.002" classname="de.bonprix.academy.modules.applicationdata.ApplicationDataPresenterTest"/>
  <testcase name="" time="0.001" classname="de.bonprix.academy.modules.applicationdata.ApplicationDataPresenterTest"/>
  <testcase name="" time="0.03" classname="de.bonprix.academy.modules.applicationdata.ApplicationDataPresenterTest"/>
  <testcase name="" time="0.0" classname="de.bonprix.academy.modules.applicationdata.ApplicationDataPresenterTest"/>
  <testcase name="" time="0.001" classname="de.bonprix.academy.modules.applicationdata.ApplicationDataPresenterTest"/>
  <testcase name="" time="0.0" classname="de.bonprix.academy.modules.applicationdata.ApplicationDataPresenterTest"/>
  <testcase name="" time="0.001" classname="de.bonprix.academy.modules.applicationdata.ApplicationDataPresenterTest"/>
  <testcase name="" time="0.0" classname="de.bonprix.academy.modules.applicationdata.ApplicationDataPresenterTest"/>
  <testcase name="" time="0.0" classname="de.bonprix.academy.modules.applicationdata.ApplicationDataPresenterTest"/>
  <testcase name="" time="0.0" classname="de.bonprix.academy.modules.applicationdata.ApplicationDataPresenterTest"/>
  <testcase name="" time="0.0" classname="de.bonprix.academy.modules.applicationdata.ApplicationDataPresenterTest"/>
  <testcase name="" time="0.0" classname="de.bonprix.academy.modules.applicationdata.ApplicationDataPresenterTest"/>
  <testcase name="" time="0.001" classname="de.bonprix.academy.modules.applicationdata.ApplicationDataPresenterTest"/>
  <testcase name="" time="0.001" classname="de.bonprix.academy.modules.applicationdata.dialog.application.ApplicationWindowPresenterTest"/>
  <testcase name="" time="0.005" classname="de.bonprix.academy.modules.applicationdata.dialog.application.ApplicationWindowPresenterTest"/>
  <testcase name="" time="0.001" classname="de.bonprix.academy.modules.applicationdata.dialog.application.ApplicationWindowPresenterTest"/>
  <testcase name="" time="0.002" classname="de.bonprix.academy.modules.applicationdata.dialog.application.ApplicationWindowPresenterTest"/>
  <testcase name="" time="0.002" classname="de.bonprix.academy.modules.applicationdata.dialog.application.ApplicationWindowPresenterTest"/>
  <testcase name="" time="0.001" classname="de.bonprix.academy.modules.applicationdata.dialog.applicationgroup.ApplicationGroupWindowPresenterTest"/>
  <testcase name="" time="0.001" classname="de.bonprix.academy.modules.applicationdata.dialog.applicationgroup.ApplicationGroupWindowPresenterTest"/>
  <testcase name="" time="0.001" classname="de.bonprix.academy.modules.applicationdata.dialog.applicationgroup.ApplicationGroupWindowPresenterTest"/>
  <testcase name="" time="0.001" classname="de.bonprix.academy.modules.applicationdata.dialog.applicationgroup.ApplicationGroupWindowPresenterTest"/>
  <testcase name="" time="0.0" classname="de.bonprix.academy.modules.applicationdata.dialog.applicationgroup.ApplicationGroupWindowPresenterTest"/>
  <testcase name="" time="0.0" classname="de.bonprix.academy.modules.applicationdata.dialog.applicationtype.ApplicationTypeWindowPresenterTest"/>
  <testcase name="" time="0.001" classname="de.bonprix.academy.modules.applicationdata.dialog.applicationtype.ApplicationTypeWindowPresenterTest"/>
  <testcase name="" time="0.0" classname="de.bonprix.academy.modules.applicationdata.dialog.applicationtype.ApplicationTypeWindowPresenterTest"/>
  <testcase name="" time="0.0" classname="de.bonprix.academy.modules.applicationdata.dialog.applicationtype.ApplicationTypeWindowPresenterTest"/>
  <testcase name="" time="0.001" classname="de.bonprix.academy.modules.applicationdata.dialog.applicationtype.ApplicationTypeWindowPresenterTest"/>
</testsuite> <!-- Surefire test -->
